This is pdfTeX, Version 3.1415926-2.5-1.40.14 (TeX Live 2013/Debian) (format=pdflatex 2017.12.5)  15 DEC 2017 14:44
entering extended mode
 restricted \write18 enabled.
 file:line:error style messages enabled.
 %&-line parsing enabled.
**Si3N4.tex
(./Si3N4.tex
LaTeX2e <2011/06/27>
Babel <3.9h> and hyphenation patterns for 2 languages loaded.

! LaTeX Error: File `revtex4-1.cls' not found.

Type X to quit or <RETURN> to proceed,
or enter new name. (Default extension: cls)

Enter file name: 
./Si3N4.tex:3: Emergency stop.
<read *> 
         
l.3 \usepackage
               [dvipdfmx]{graphicx}^^M
*** (cannot \read from terminal in nonstop modes)

 
Here is how much of TeX's memory you used:
 10 strings out of 495028
 190 string characters out of 6181497
 45944 words of memory out of 5000000
 3318 multiletter control sequences out of 15000+600000
 3640 words of font info for 14 fonts, out of 8000000 for 9000
 14 hyphenation exceptions out of 8191
 10i,0n,7p,104b,8s stack positions out of 5000i,500n,10000p,200000b,80000s
./Si3N4.tex:3:  ==> Fatal error occurred, no output PDF file produced!
