This is pdfTeX, Version 3.14159265-2.6-1.40.18 (TeX Live 2017) (preloaded format=pdflatex 2018.3.31)  31 MAR 2018 11:31
entering extended mode
 restricted \write18 enabled.
 %&-line parsing enabled.
**tst.tex
(./tst.tex
LaTeX2e <2017/01/01> patch level 3
Babel <3.10> and hyphenation patterns for 3 language(s) loaded.
(/usr/share/texmf-dist/tex/latex/base/minimal.cls
Document Class: minimal 2001/05/25 Standard LaTeX minimal class
) (./tst.aux)
\openout1 = `tst.aux'.

LaTeX Font Info:    Checking defaults for OML/cmm/m/it on input line 2.
LaTeX Font Info:    ... okay on input line 2.
LaTeX Font Info:    Checking defaults for T1/cmr/m/n on input line 2.
LaTeX Font Info:    ... okay on input line 2.
LaTeX Font Info:    Checking defaults for OT1/cmr/m/n on input line 2.
LaTeX Font Info:    ... okay on input line 2.
LaTeX Font Info:    Checking defaults for OMS/cmsy/m/n on input line 2.
LaTeX Font Info:    ... okay on input line 2.
LaTeX Font Info:    Checking defaults for OMX/cmex/m/n on input line 2.
LaTeX Font Info:    ... okay on input line 2.
LaTeX Font Info:    Checking defaults for U/cmr/m/n on input line 2.
LaTeX Font Info:    ... okay on input line 2.

Overfull \hbox (6.30145pt too wide) in paragraph at lines 4--24
[]\OT1/cmr/m/n/10 Hello World!Hello World!Hello World!Hello World!Hello World!H
ello World!Hello World!Hello World!Hello
 []


Overfull \hbox (15.77374pt too wide) in paragraph at lines 4--24
\OT1/cmr/m/n/10 World!Hello World!Hello World!Hello World!Hello World!Hello Wor
ld!Hello World!Hello World!Hello World!Hello
 []


Overfull \hbox (15.77374pt too wide) in paragraph at lines 4--24
\OT1/cmr/m/n/10 World!Hello World!Hello World!Hello World!Hello World!Hello Wor
ld!Hello World!Hello World!Hello World!Hello
 []


Overfull \hbox (15.77374pt too wide) in paragraph at lines 4--24
\OT1/cmr/m/n/10 World!Hello World!Hello World!Hello World!Hello World!Hello Wor
ld!Hello World!Hello World!Hello World!Hello
 []


Overfull \hbox (15.77374pt too wide) in paragraph at lines 4--24
\OT1/cmr/m/n/10 World!Hello World!Hello World!Hello World!Hello World!Hello Wor
ld!Hello World!Hello World!Hello World!Hello
 []


Overfull \hbox (15.77374pt too wide) in paragraph at lines 4--24
\OT1/cmr/m/n/10 World!Hello World!Hello World!Hello World!Hello World!Hello Wor
ld!Hello World!Hello World!Hello World!Hello
 []


Overfull \hbox (15.77374pt too wide) in paragraph at lines 4--24
\OT1/cmr/m/n/10 World!Hello World!Hello World!Hello World!Hello World!Hello Wor
ld!Hello World!Hello World!Hello World!Hello
 []


Overfull \hbox (15.77374pt too wide) in paragraph at lines 4--24
\OT1/cmr/m/n/10 World!Hello World!Hello World!Hello World!Hello World!Hello Wor
ld!Hello World!Hello World!Hello World!Hello
 []


Overfull \hbox (15.77374pt too wide) in paragraph at lines 4--24
\OT1/cmr/m/n/10 World!Hello World!Hello World!Hello World!Hello World!Hello Wor
ld!Hello World!Hello World!Hello World!Hello
 []


Overfull \hbox (15.77374pt too wide) in paragraph at lines 4--24
\OT1/cmr/m/n/10 World!Hello World!Hello World!Hello World!Hello World!Hello Wor
ld!Hello World!Hello World!Hello World!Hello
 []


Overfull \hbox (15.77374pt too wide) in paragraph at lines 4--24
\OT1/cmr/m/n/10 World!Hello World!Hello World!Hello World!Hello World!Hello Wor
ld!Hello World!Hello World!Hello World!Hello
 []


Overfull \hbox (15.77374pt too wide) in paragraph at lines 4--24
\OT1/cmr/m/n/10 World!Hello World!Hello World!Hello World!Hello World!Hello Wor
ld!Hello World!Hello World!Hello World!Hello
 []


Overfull \hbox (15.77374pt too wide) in paragraph at lines 4--24
\OT1/cmr/m/n/10 World!Hello World!Hello World!Hello World!Hello World!Hello Wor
ld!Hello World!Hello World!Hello World!Hello
 []

[1{/var/lib/texmf/fonts/map/pdftex/updmap/pdftex.map}] (./tst.aux) ) 
Here is how much of TeX's memory you used:
 19 strings out of 494939
 317 string characters out of 6181378
 46513 words of memory out of 5000000
 3409 multiletter control sequences out of 15000+600000
 3640 words of font info for 14 fonts, out of 8000000 for 9000
 14 hyphenation exceptions out of 8191
 14i,4n,10p,123b,92s stack positions out of 5000i,500n,10000p,200000b,80000s
</usr/share
/texmf-dist/fonts/type1/public/amsfonts/cm/cmr10.pfb>
Output written on tst.pdf (1 page, 11837 bytes).
PDF statistics:
 12 PDF objects out of 1000 (max. 8388607)
 7 compressed objects within 1 object stream
 0 named destinations out of 1000 (max. 500000)
 1 words of extra memory for PDF output out of 10000 (max. 10000000)

