Traceback (most recent call last):
  File "/home/kazu/ktpro/./run_rits.py", line 11, in <module>
    from rits_fit_kt import get_sim_spectrum
  File "/home/kazu/ktpro/rits_fit_kt.py", line 5, in <module>
    from AdvRits import AdvRietveld
ImportError: libRits.so: cannot open shared object file: No such file or directory
Traceback (most recent call last):
  File "/home/kazu/ktpro/run_rits_before_changing.py", line 493, in <module>
    cycles(ns=30000, dim=1)
  File "/home/kazu/ktpro/run_rits_before_changing.py", line 156, in cycles
    param_sets_sets.append(draw_params(param_sets, dim=dim))
  File "/home/kazu/ktpro/run_rits_before_changing.py", line 102, in draw_params
    _params = draw_sample(mean=mean, numsample=1, scale=scale,
  File "/home/kazu/ktpro/gp_nrca.py", line 229, in draw_sample
    K = prj.kernelorg(x, x)*scale
  File "/home/kazu/ktpro/gp_nrca.py", line 68, in kernelorg
    K[p, q] = np.exp(-0.5*np.sum(((xp - xq)/5.)**2))
  File "<__array_function__ internals>", line 180, in sum
  File "/home/kazu/miniconda3/lib/python3.9/site-packages/numpy/core/fromnumeric.py", line 2296, in sum
    return _wrapreduction(a, np.add, 'sum', axis, dtype, out, keepdims=keepdims,
  File "/home/kazu/miniconda3/lib/python3.9/site-packages/numpy/core/fromnumeric.py", line 84, in _wrapreduction
    return reduction(axis=axis, out=out, **passkwargs)
  File "/home/kazu/miniconda3/lib/python3.9/site-packages/numpy/core/_methods.py", line 46, in _sum
    def _sum(a, axis=None, dtype=None, out=None, keepdims=False,
KeyboardInterrupt
