This file contains any messages produced by compilers while
running configure, to aid debugging if configure makes a mistake.

It was created by w3m configure 0.5.3, which was
generated by GNU Autoconf 2.67.  Invocation command line was

  $ ./configure --prefix=/Users/kazu/w3m/ LDFLAGS=-L/usr/local/opt/openssl/lib -L/opt/X11/lib -lX11 CPPFLAGS=-I/usr/local/opt/openssl/include -I/opt/X11/include

## --------- ##
## Platform. ##
## --------- ##

hostname = machp.local
uname -m = x86_64
uname -r = 17.4.0
uname -s = Darwin
uname -v = Darwin Kernel Version 17.4.0: Sun Dec 17 09:19:54 PST 2017; root:xnu-4570.41.2~1/RELEASE_X86_64

/usr/bin/uname -p = i386
/bin/uname -X     = unknown

/bin/arch              = unknown
/usr/bin/arch -k       = unknown
/usr/convex/getsysinfo = unknown
/usr/bin/hostinfo      = Mach kernel version:
	 Darwin Kernel Version 17.4.0: Sun Dec 17 09:19:54 PST 2017; root:xnu-4570.41.2~1/RELEASE_X86_64
Kernel configured for up to 4 processors.
2 processors are physically available.
4 processors are logically available.
Processor type: x86_64h (Intel x86-64h Haswell)
Processors active: 0 1 2 3
Primary memory available: 16.00 gigabytes
Default processor set: 322 tasks, 1190 threads, 4 processors
Load average: 2.34, Mach factor: 1.70
/bin/machine           = unknown
/usr/bin/oslevel       = unknown
/bin/universe          = unknown

PATH: /Users/kazu/.local/bin
PATH: /Users/kazu/.miniconda3/bin
PATH: /Users/kazu/ktpro
PATH: /usr/local/WIEN2k_17.1
PATH: /usr/local/WIEN2k_17.1/SRC_structeditor/bin
PATH: /usr/local/WIEN2k_17.1/SRC_IRelast/script-elastic
PATH: /home/kazu/miniconda2/bin
PATH: /usr/local/opt/coreutils/libexec/gnubin
PATH: /usr/local/bin
PATH: /usr/bin
PATH: /bin
PATH: /usr/sbin
PATH: /sbin
PATH: /Library/TeX/texbin
PATH: /opt/X11/bin
PATH: .
PATH: /usr/local/WIEN2k_17.1
PATH: .
PATH: .


## ----------- ##
## Core tests. ##
## ----------- ##

configure:2649: checking for g++
configure:2665: found /usr/bin/g++
configure:2676: result: g++
configure:2703: checking for C++ compiler version
configure:2712: g++ --version >&5
Apple LLVM version 9.1.0 (clang-902.0.39.1)
Target: x86_64-apple-darwin17.4.0
Thread model: posix
InstalledDir: /Library/Developer/CommandLineTools/usr/bin
Configured with: --prefix=/Library/Developer/CommandLineTools/usr --with-gxx-include-dir=/usr/include/c++/4.2.1
configure:2723: $? = 0
configure:2712: g++ -v >&5
Configured with: --prefix=/Library/Developer/CommandLineTools/usr --with-gxx-include-dir=/usr/include/c++/4.2.1
Apple LLVM version 9.1.0 (clang-902.0.39.1)
Target: x86_64-apple-darwin17.4.0
Thread model: posix
InstalledDir: /Library/Developer/CommandLineTools/usr/bin
configure:2723: $? = 0
configure:2712: g++ -V >&5
clang: error: argument to '-V' is missing (expected 1 value)
clang: error: no input files
configure:2723: $? = 1
configure:2712: g++ -qversion >&5
clang: error: unknown argument: '-qversion'
clang: error: no input files
configure:2723: $? = 1
configure:2743: checking whether the C++ compiler works
configure:2765: g++  -I/usr/local/opt/openssl/include -I/opt/X11/include -L/usr/local/opt/openssl/lib -L/opt/X11/lib -lX11 conftest.cpp  >&5
configure:2769: $? = 0
configure:2817: result: yes
configure:2820: checking for C++ compiler default output file name
configure:2822: result: a.out
configure:2828: checking for suffix of executables
configure:2835: g++ -o conftest  -I/usr/local/opt/openssl/include -I/opt/X11/include -L/usr/local/opt/openssl/lib -L/opt/X11/lib -lX11 conftest.cpp  >&5
configure:2839: $? = 0
configure:2861: result: 
configure:2883: checking whether we are cross compiling
configure:2891: g++ -o conftest  -I/usr/local/opt/openssl/include -I/opt/X11/include -L/usr/local/opt/openssl/lib -L/opt/X11/lib -lX11 conftest.cpp  >&5
configure:2895: $? = 0
configure:2902: ./conftest
configure:2906: $? = 0
configure:2921: result: no
configure:2926: checking for suffix of object files
configure:2948: g++ -c  -I/usr/local/opt/openssl/include -I/opt/X11/include conftest.cpp >&5
configure:2952: $? = 0
configure:2973: result: o
configure:2977: checking whether we are using the GNU C++ compiler
configure:2996: g++ -c  -I/usr/local/opt/openssl/include -I/opt/X11/include conftest.cpp >&5
configure:2996: $? = 0
configure:3005: result: yes
configure:3014: checking whether g++ accepts -g
configure:3034: g++ -c -g -I/usr/local/opt/openssl/include -I/opt/X11/include conftest.cpp >&5
configure:3034: $? = 0
configure:3075: result: yes
configure:3102: checking for gawk
configure:3132: result: no
configure:3102: checking for mawk
configure:3132: result: no
configure:3102: checking for nawk
configure:3132: result: no
configure:3102: checking for awk
configure:3118: found /usr/bin/awk
configure:3129: result: awk
configure:3188: checking for gcc
configure:3204: found /usr/bin/gcc
configure:3215: result: gcc
configure:3444: checking for C compiler version
configure:3453: gcc --version >&5
Apple LLVM version 9.1.0 (clang-902.0.39.1)
Target: x86_64-apple-darwin17.4.0
Thread model: posix
InstalledDir: /Library/Developer/CommandLineTools/usr/bin
Configured with: --prefix=/Library/Developer/CommandLineTools/usr --with-gxx-include-dir=/usr/include/c++/4.2.1
configure:3464: $? = 0
configure:3453: gcc -v >&5
Configured with: --prefix=/Library/Developer/CommandLineTools/usr --with-gxx-include-dir=/usr/include/c++/4.2.1
Apple LLVM version 9.1.0 (clang-902.0.39.1)
Target: x86_64-apple-darwin17.4.0
Thread model: posix
InstalledDir: /Library/Developer/CommandLineTools/usr/bin
configure:3464: $? = 0
configure:3453: gcc -V >&5
clang: error: argument to '-V' is missing (expected 1 value)
clang: error: no input files
configure:3464: $? = 1
configure:3453: gcc -qversion >&5
clang: error: unknown argument: '-qversion'
clang: error: no input files
configure:3464: $? = 1
configure:3468: checking whether we are using the GNU C compiler
configure:3487: gcc -c  -I/usr/local/opt/openssl/include -I/opt/X11/include conftest.c >&5
configure:3487: $? = 0
configure:3496: result: yes
configure:3505: checking whether gcc accepts -g
configure:3525: gcc -c -g -I/usr/local/opt/openssl/include -I/opt/X11/include conftest.c >&5
configure:3525: $? = 0
configure:3566: result: yes
configure:3583: checking for gcc option to accept ISO C89
configure:3647: gcc  -c -g -O2 -I/usr/local/opt/openssl/include -I/opt/X11/include conftest.c >&5
configure:3647: $? = 0
configure:3660: result: none needed
configure:3685: checking how to run the C preprocessor
configure:3716: gcc -E -I/usr/local/opt/openssl/include -I/opt/X11/include conftest.c
configure:3716: $? = 0
configure:3730: gcc -E -I/usr/local/opt/openssl/include -I/opt/X11/include conftest.c
conftest.c:12:10: fatal error: 'ac_nonexistent.h' file not found
#include <ac_nonexistent.h>
         ^~~~~~~~~~~~~~~~~~
1 error generated.
configure:3730: $? = 1
configure: failed program was:
| /* confdefs.h */
| #define PACKAGE_NAME "w3m"
| #define PACKAGE_TARNAME "w3m"
| #define PACKAGE_VERSION "0.5.3"
| #define PACKAGE_STRING "w3m 0.5.3"
| #define PACKAGE_BUGREPORT "satodai@w3m.jp"
| #define PACKAGE_URL ""
| #define PACKAGE "w3m"
| #define VERSION "0.5.3"
| #define W3M w3m
| /* end confdefs.h.  */
| #include <ac_nonexistent.h>
configure:3755: result: gcc -E
configure:3775: gcc -E -I/usr/local/opt/openssl/include -I/opt/X11/include conftest.c
configure:3775: $? = 0
configure:3789: gcc -E -I/usr/local/opt/openssl/include -I/opt/X11/include conftest.c
conftest.c:12:10: fatal error: 'ac_nonexistent.h' file not found
#include <ac_nonexistent.h>
         ^~~~~~~~~~~~~~~~~~
1 error generated.
configure:3789: $? = 1
configure: failed program was:
| /* confdefs.h */
| #define PACKAGE_NAME "w3m"
| #define PACKAGE_TARNAME "w3m"
| #define PACKAGE_VERSION "0.5.3"
| #define PACKAGE_STRING "w3m 0.5.3"
| #define PACKAGE_BUGREPORT "satodai@w3m.jp"
| #define PACKAGE_URL ""
| #define PACKAGE "w3m"
| #define VERSION "0.5.3"
| #define W3M w3m
| /* end confdefs.h.  */
| #include <ac_nonexistent.h>
configure:3860: checking for a BSD-compatible install
configure:3928: result: /usr/local/opt/coreutils/libexec/gnubin/install -c
configure:3939: checking whether ln -s works
configure:3943: result: yes
configure:3950: checking whether make sets $(MAKE)
configure:3972: result: yes
configure:4024: checking for ranlib
configure:4040: found /usr/bin/ranlib
configure:4051: result: ranlib
configure:4077: checking for perl
configure:4095: found /usr/bin/perl
configure:4107: result: /usr/bin/perl
configure:4123: checking for nkf
configure:4156: result: no
configure:4169: checking for man
configure:4187: found /usr/bin/man
configure:4199: result: /usr/bin/man
configure:4215: checking build system type
configure:4229: result: i686-apple-darwin17.4.0
configure:4249: checking host system type
configure:4262: result: i686-apple-darwin17.4.0
configure:4306: checking if m17n support is enabled
configure:4315: result: yes
configure:4333: checking if unicode support is enabled
configure:4342: result: yes
configure:4357: checking if message l10n
configure:4369: result: no
configure:4377: checking if japanese support is enabled
configure:4386: result: no
configure:4400: checking which charset is used for display
configure:4408: result: UTF-8
configure:4469: checking for a thread-safe mkdir -p
configure:4508: result: /usr/local/opt/coreutils/libexec/gnubin/mkdir -p
configure:4518: checking whether NLS is requested
configure:4527: result: yes
configure:4568: checking for msgfmt
configure:4603: result: no
configure:4609: checking for gmsgfmt
configure:4640: result: :
configure:4691: checking for xgettext
configure:4726: result: no
configure:4769: checking for msgmerge
configure:4803: result: no
configure:4857: checking for ld used by GCC
configure:4921: result: /Library/Developer/CommandLineTools/usr/bin/ld
configure:4928: checking if the linker (/Library/Developer/CommandLineTools/usr/bin/ld) is GNU ld
configure:4941: result: no
configure:4948: checking for shared library run path origin
configure:4961: result: done
configure:4982: checking for grep that handles long lines and -e
configure:5040: result: /usr/bin/grep
configure:5045: checking for egrep
configure:5107: result: /usr/bin/grep -E
configure:5665: checking for CFPreferencesCopyAppValue
configure:5683: gcc -o conftest -g -O2 -I$(srcdir)/libwc -I/usr/local/opt/openssl/include -I/opt/X11/include -L/usr/local/opt/openssl/lib -L/opt/X11/lib -lX11 conftest.c  -Wl,-framework -Wl,CoreFoundation >&5
conftest.c:25:37: warning: null passed to a callee that requires a non-null argument [-Wnonnull]
CFPreferencesCopyAppValue(NULL, NULL)
                          ~~~~      ^
conftest.c:25:37: warning: null passed to a callee that requires a non-null argument [-Wnonnull]
CFPreferencesCopyAppValue(NULL, NULL)
                                ~~~~^
2 warnings generated.
configure:5683: $? = 0
configure:5692: result: yes
configure:5699: checking for CFLocaleCopyCurrent
configure:5717: gcc -o conftest -g -O2 -I$(srcdir)/libwc -I/usr/local/opt/openssl/include -I/opt/X11/include -L/usr/local/opt/openssl/lib -L/opt/X11/lib -lX11 conftest.c  -Wl,-framework -Wl,CoreFoundation >&5
configure:5717: $? = 0
configure:5726: result: yes
configure:5775: checking for GNU gettext in libc
configure:5795: gcc -o conftest -g -O2 -I$(srcdir)/libwc -I/usr/local/opt/openssl/include -I/opt/X11/include -L/usr/local/opt/openssl/lib -L/opt/X11/lib -lX11 conftest.c  >&5
conftest.c:23:10: fatal error: 'libintl.h' file not found
#include <libintl.h>
         ^~~~~~~~~~~
1 error generated.
configure:5795: $? = 1
configure: failed program was:
| /* confdefs.h */
| #define PACKAGE_NAME "w3m"
| #define PACKAGE_TARNAME "w3m"
| #define PACKAGE_VERSION "0.5.3"
| #define PACKAGE_STRING "w3m 0.5.3"
| #define PACKAGE_BUGREPORT "satodai@w3m.jp"
| #define PACKAGE_URL ""
| #define PACKAGE "w3m"
| #define VERSION "0.5.3"
| #define W3M w3m
| #define W3M_TARGET 
| #define USE_M17N 1
| #define USE_UNICODE 1
| #define W3M_LANG EN
| #define WCTARGET "libwc/libwc.a"
| #define WCCFLAGS "-DUSE_UNICODE -I$(srcdir) -I$(srcdir)/.."
| #define DISPLAY_CHARSET WC_CES_UTF_8
| #define SYSTEM_CHARSET WC_CES_UTF_8
| #define DOCUMENT_CHARSET WC_CES_UTF_8
| #define HAVE_CFPREFERENCESCOPYAPPVALUE 1
| #define HAVE_CFLOCALECOPYCURRENT 1
| /* end confdefs.h.  */
| #include <libintl.h>
| 
| extern int _nl_msg_cat_cntr;
| extern int *_nl_domain_bindings;
| int
| main ()
| {
| bindtextdomain ("", "");
| return * gettext ("") + _nl_msg_cat_cntr + *_nl_domain_bindings
|   ;
|   return 0;
| }
configure:5804: result: no
configure:5838: checking for iconv
configure:5860: gcc -o conftest -g -O2 -I$(srcdir)/libwc -I/usr/local/opt/openssl/include -I/opt/X11/include -L/usr/local/opt/openssl/lib -L/opt/X11/lib -lX11 conftest.c  >&5
Undefined symbols for architecture x86_64:
  "_iconv", referenced from:
      _main in conftest-de9243.o
  "_iconv_close", referenced from:
      _main in conftest-de9243.o
  "_iconv_open", referenced from:
      _main in conftest-de9243.o
ld: symbol(s) not found for architecture x86_64
clang: error: linker command failed with exit code 1 (use -v to see invocation)
configure:5860: $? = 1
configure: failed program was:
| /* confdefs.h */
| #define PACKAGE_NAME "w3m"
| #define PACKAGE_TARNAME "w3m"
| #define PACKAGE_VERSION "0.5.3"
| #define PACKAGE_STRING "w3m 0.5.3"
| #define PACKAGE_BUGREPORT "satodai@w3m.jp"
| #define PACKAGE_URL ""
| #define PACKAGE "w3m"
| #define VERSION "0.5.3"
| #define W3M w3m
| #define W3M_TARGET 
| #define USE_M17N 1
| #define USE_UNICODE 1
| #define W3M_LANG EN
| #define WCTARGET "libwc/libwc.a"
| #define WCCFLAGS "-DUSE_UNICODE -I$(srcdir) -I$(srcdir)/.."
| #define DISPLAY_CHARSET WC_CES_UTF_8
| #define SYSTEM_CHARSET WC_CES_UTF_8
| #define DOCUMENT_CHARSET WC_CES_UTF_8
| #define HAVE_CFPREFERENCESCOPYAPPVALUE 1
| #define HAVE_CFLOCALECOPYCURRENT 1
| /* end confdefs.h.  */
| #include <stdlib.h>
| #include <iconv.h>
| int
| main ()
| {
| iconv_t cd = iconv_open("","");
|        iconv(cd,NULL,NULL,NULL,NULL);
|        iconv_close(cd);
|   ;
|   return 0;
| }
configure:5882: gcc -o conftest -g -O2 -I$(srcdir)/libwc -I/usr/local/opt/openssl/include -I/opt/X11/include -L/usr/local/opt/openssl/lib -L/opt/X11/lib -lX11 conftest.c  -liconv >&5
configure:5882: $? = 0
configure:5892: result: yes
configure:5895: checking for working iconv
configure:5990: gcc -o conftest -g -O2 -I$(srcdir)/libwc -I/usr/local/opt/openssl/include -I/opt/X11/include -L/usr/local/opt/openssl/lib -L/opt/X11/lib -lX11 conftest.c  -liconv >&5
configure:5990: $? = 0
configure:5990: ./conftest
configure:5990: $? = 0
configure:6002: result: yes
configure:6017: checking how to link with libiconv
configure:6019: result: -liconv
configure:6491: checking for GNU gettext in libintl
configure:6519: gcc -o conftest -g -O2 -I$(srcdir)/libwc -I/usr/local/opt/openssl/include -I/opt/X11/include  -L/usr/local/opt/openssl/lib -L/opt/X11/lib -lX11 conftest.c  -lintl >&5
conftest.c:24:10: fatal error: 'libintl.h' file not found
#include <libintl.h>
         ^~~~~~~~~~~
1 error generated.
configure:6519: $? = 1
configure: failed program was:
| /* confdefs.h */
| #define PACKAGE_NAME "w3m"
| #define PACKAGE_TARNAME "w3m"
| #define PACKAGE_VERSION "0.5.3"
| #define PACKAGE_STRING "w3m 0.5.3"
| #define PACKAGE_BUGREPORT "satodai@w3m.jp"
| #define PACKAGE_URL ""
| #define PACKAGE "w3m"
| #define VERSION "0.5.3"
| #define W3M w3m
| #define W3M_TARGET 
| #define USE_M17N 1
| #define USE_UNICODE 1
| #define W3M_LANG EN
| #define WCTARGET "libwc/libwc.a"
| #define WCCFLAGS "-DUSE_UNICODE -I$(srcdir) -I$(srcdir)/.."
| #define DISPLAY_CHARSET WC_CES_UTF_8
| #define SYSTEM_CHARSET WC_CES_UTF_8
| #define DOCUMENT_CHARSET WC_CES_UTF_8
| #define HAVE_CFPREFERENCESCOPYAPPVALUE 1
| #define HAVE_CFLOCALECOPYCURRENT 1
| #define HAVE_ICONV 1
| /* end confdefs.h.  */
| #include <libintl.h>
| 
| extern int _nl_msg_cat_cntr;
| extern
| #ifdef __cplusplus
| "C"
| #endif
| const char *_nl_expand_alias (const char *);
| int
| main ()
| {
| bindtextdomain ("", "");
| return * gettext ("") + _nl_msg_cat_cntr + *_nl_expand_alias ("")
|   ;
|   return 0;
| }
configure:6547: gcc -o conftest -g -O2 -I$(srcdir)/libwc -I/usr/local/opt/openssl/include -I/opt/X11/include  -L/usr/local/opt/openssl/lib -L/opt/X11/lib -lX11 conftest.c  -lintl -liconv >&5
conftest.c:24:10: fatal error: 'libintl.h' file not found
#include <libintl.h>
         ^~~~~~~~~~~
1 error generated.
configure:6547: $? = 1
configure: failed program was:
| /* confdefs.h */
| #define PACKAGE_NAME "w3m"
| #define PACKAGE_TARNAME "w3m"
| #define PACKAGE_VERSION "0.5.3"
| #define PACKAGE_STRING "w3m 0.5.3"
| #define PACKAGE_BUGREPORT "satodai@w3m.jp"
| #define PACKAGE_URL ""
| #define PACKAGE "w3m"
| #define VERSION "0.5.3"
| #define W3M w3m
| #define W3M_TARGET 
| #define USE_M17N 1
| #define USE_UNICODE 1
| #define W3M_LANG EN
| #define WCTARGET "libwc/libwc.a"
| #define WCCFLAGS "-DUSE_UNICODE -I$(srcdir) -I$(srcdir)/.."
| #define DISPLAY_CHARSET WC_CES_UTF_8
| #define SYSTEM_CHARSET WC_CES_UTF_8
| #define DOCUMENT_CHARSET WC_CES_UTF_8
| #define HAVE_CFPREFERENCESCOPYAPPVALUE 1
| #define HAVE_CFLOCALECOPYCURRENT 1
| #define HAVE_ICONV 1
| /* end confdefs.h.  */
| #include <libintl.h>
| 
| extern int _nl_msg_cat_cntr;
| extern
| #ifdef __cplusplus
| "C"
| #endif
| const char *_nl_expand_alias (const char *);
| int
| main ()
| {
| bindtextdomain ("", "");
| return * gettext ("") + _nl_msg_cat_cntr + *_nl_expand_alias ("")
|   ;
|   return 0;
| }
configure:6560: result: no
configure:6595: checking whether to use NLS
configure:6597: result: no
configure:6678: checking if color escape sequence for kterm/pxvt is enabled
configure:6689: result: yes
configure:6692: checking if ansi color escape sequence support is enabled
configure:6703: result: yes
configure:6706: checking if background color support is enabled
configure:6717: result: yes
configure:6742: checking if image is enabled
configure:6751: result: yes
configure:6785: checking image library
configure:6798: result: gtk2 gdk-pixbuf imlib imlib2
configure:6849: WARNING: GdkPixbuf is not installed.  Install GdkPixbuf (version >= 2.0.0)
configure:6871: WARNING: GdkPixbuf is not installed.  Install GdkPixbuf (version >= 0.16.0)
configure:6893: WARNING: Imlib is not installed.  Install Imlib (version >= 1.9.8)
configure:6901: checking Imlib2 version
configure:6903: result: 1.5.1
configure:7031: checking if xface is enabled
configure:7042: result: yes
configure:7046: checking for uncompface
configure:7074: result: no
configure:7082: WARNING: uncompface is not installed.
configure:7088: checking default keymap
configure:7097: result: w3m
configure:7119: checking if popup menu is enabled
configure:7130: result: yes
configure:7133: checking if mouse operation enabled
configure:7144: result: yes
configure:7147: checking if URL history is enabled
configure:7158: result: yes
configure:7161: checking if alarm is enabled
configure:7170: result: yes
configure:7186: gcc -c -g -O2 -I$(srcdir)/libwc -I/usr/local/opt/openssl/include -I/opt/X11/include conftest.c >&5
configure:7186: $? = 0
configure:7194: checking if cookie is enabled
configure:7205: result: yes
configure:7208: checking if nntp is enabled
configure:7219: result: yes
configure:7222: checking if gopher is enabled
configure:7233: result: no
configure:7237: checking if dictionary lookup is enabled
configure:7248: result: yes
configure:7251: checking if help cgi is enabled
configure:7262: result: yes
configure:7265: checking if external URI loader is enabled
configure:7276: result: yes
configure:7279: checking if w3mmail is used
configure:7291: result: yes
configure:7296: checking if migemo is supported with
configure:7308: result: migemo -t egrep /usr/local/share/migemo/migemo-dict
configure:7316: checking which editor is used by default
configure:7324: result: /usr/bin/vi
configure:7332: checking which mailer is used by default
configure:7340: result: /usr/bin/mail
configure:7348: checking which external browser is used by default
configure:7356: result: /usr/bin/mozilla
configure:7366: checking for -lbsd
configure:7377: result: not found
configure:7366: checking for -lBSD
configure:7377: result: not found
configure:7366: checking for -l44bsd
configure:7377: result: not found
configure:7366: checking for -lsocket
configure:7377: result: not found
configure:7366: checking for -lnsl
configure:7377: result: not found
configure:7366: checking for -ldld
configure:7377: result: not found
configure:7366: checking for -ldl
configure:7377: result: not found
configure:7381: checking if IPv6 support is enabled
configure:7390: result: yes
configure:7394: checking if IPv6 API available
configure:7397: checking for getaddrinfo
configure:7397: gcc -o conftest -g -O2 -I$(srcdir)/libwc -I/usr/local/opt/openssl/include -I/opt/X11/include -L/usr/local/opt/openssl/lib -L/opt/X11/lib -lX11 conftest.c  >&5
configure:7397: $? = 0
configure:7397: result: yes
configure:7463: checking if struct sockaddr_storage has an ss_family member
configure:7482: gcc -c -g -O2 -I$(srcdir)/libwc -I/usr/local/opt/openssl/include -I/opt/X11/include conftest.c >&5
configure:7482: $? = 0
configure:7483: result: yes
configure:7578: checking for pkg-config
configure:7611: result: no
configure:7646: checking if SSL is suported
configure:7656: result: yes
configure:7661: checking for SSL
configure:7738: result: no
configure:7741: checking for SSL library/header
configure:7744: result: /usr/openssl /usr/ssl /usr /usr/local/openssl /usr/local/ssl /usr/local
configure:7768: checking for SSL_new in -lssl
configure:7793: gcc -o conftest -g -O2 -I$(srcdir)/libwc -I/usr/local/opt/openssl/include -I/opt/X11/include -L/usr/local/opt/openssl/lib -L/opt/X11/lib -lX11 conftest.c -lssl  -lcrypto  >&5
configure:7793: $? = 0
configure:7802: result: yes
configure:7814: checking if SSL certificate verify is enabled
configure:7825: result: yes
configure:7830: checking if digest auth is enabled
configure:7845: result: yes
configure:7849: checking for sqrt
configure:7849: gcc -o conftest -g -O2 -I$(srcdir)/libwc  -I/usr/local/opt/openssl/include -I/opt/X11/include -L/usr/local/opt/openssl/lib -L/opt/X11/lib -lX11 conftest.c  >&5
conftest.c:84:6: warning: incompatible redeclaration of library function 'sqrt' [-Wincompatible-library-redeclaration]
char sqrt ();
     ^
conftest.c:84:6: note: 'sqrt' is a builtin with type 'double (double)'
1 warning generated.
configure:7849: $? = 0
configure:7849: result: yes
configure:7902: checking for Gpm_Open in -lgpm
configure:7927: gcc -o conftest -g -O2 -I$(srcdir)/libwc  -I/usr/local/opt/openssl/include -I/opt/X11/include -L/usr/local/opt/openssl/lib -L/opt/X11/lib -lX11 conftest.c -lgpm   >&5
ld: library not found for -lgpm
clang: error: linker command failed with exit code 1 (use -v to see invocation)
configure:7927: $? = 1
configure: failed program was:
| /* confdefs.h */
| #define PACKAGE_NAME "w3m"
| #define PACKAGE_TARNAME "w3m"
| #define PACKAGE_VERSION "0.5.3"
| #define PACKAGE_STRING "w3m 0.5.3"
| #define PACKAGE_BUGREPORT "satodai@w3m.jp"
| #define PACKAGE_URL ""
| #define PACKAGE "w3m"
| #define VERSION "0.5.3"
| #define W3M w3m
| #define W3M_TARGET 
| #define USE_M17N 1
| #define USE_UNICODE 1
| #define W3M_LANG EN
| #define WCTARGET "libwc/libwc.a"
| #define WCCFLAGS "-DUSE_UNICODE -I$(srcdir) -I$(srcdir)/.."
| #define DISPLAY_CHARSET WC_CES_UTF_8
| #define SYSTEM_CHARSET WC_CES_UTF_8
| #define DOCUMENT_CHARSET WC_CES_UTF_8
| #define HAVE_CFPREFERENCESCOPYAPPVALUE 1
| #define HAVE_CFLOCALECOPYCURRENT 1
| #define HAVE_ICONV 1
| #define USE_COLOR 1
| #define USE_ANSI_COLOR 1
| #define USE_BG_COLOR 1
| #define INSTALL_W3MIMGDISPLAY $INSTALL_W3MIMGDISPLAY
| #define USE_IMAGE 1
| #define USE_W3MIMG_X11 1
| #define USE_IMLIB2 1
| #define IMGTARGETS "$IMGTARGETS"
| #define IMGOBJS "$IMGOBJS"
| #define IMGX11CFLAGS "$IMGX11CFLAGS"
| #define IMGX11LDFLAGS "$IMGX11LDFLAGS"
| #define IMGFBCFLAGS "$IMGFBCFLAGS"
| #define IMGFBLDFLAGS "$IMGFBLDFLAGS"
| #define IMGLINK "$IMGLINK"
| #define IMGWINCFLAGS "$IMGWINCFLAGS"
| #define IMGWINLDFLAGS "$IMGWINLDFLAGS"
| #define USE_XFACE 1
| #define HELP_FILE "w3mhelp-w3m_en.html"
| #define KEYBIND w3m
| #define USE_MENU 1
| #define USE_MOUSE 1
| #define USE_HISTORY 1
| #define USE_ALARM 1
| #define USE_COOKIE 1
| #define USE_NNTP 1
| #define USE_DICT 1
| #define USE_HELP_CGI 1
| #define USE_EXTERNAL_URI_LOADER 1
| #define USE_W3MMAILER 1
| #define DEF_MIGEMO_COMMAND "migemo -t egrep /usr/local/share/migemo/migemo-dict"
| #define DEF_EDITOR "/usr/bin/vi"
| #define DEF_MAILER "/usr/bin/mail"
| #define DEF_EXT_BROWSER "/usr/bin/mozilla"
| #define INET6 1
| #define USE_SSL 1
| #define USE_SSL_VERIFY 1
| #define USE_DIGEST_AUTH 1
| /* end confdefs.h.  */
| 
| /* Override any GCC internal prototype to avoid an error.
|    Use char because int might match the return type of a GCC
|    builtin and then its argument prototype would still apply.  */
| #ifdef __cplusplus
| extern "C"
| #endif
| char Gpm_Open ();
| int
| main ()
| {
| return Gpm_Open ();
|   ;
|   return 0;
| }
configure:7936: result: no
configure:7950: gcc -E -I/usr/local/opt/openssl/include -I/opt/X11/include conftest.c
conftest.c:61:10: fatal error: 'sys/consio.h' file not found
#include <sys/consio.h>
         ^~~~~~~~~~~~~~
1 error generated.
configure:7950: $? = 1
configure: failed program was:
| /* confdefs.h */
| #define PACKAGE_NAME "w3m"
| #define PACKAGE_TARNAME "w3m"
| #define PACKAGE_VERSION "0.5.3"
| #define PACKAGE_STRING "w3m 0.5.3"
| #define PACKAGE_BUGREPORT "satodai@w3m.jp"
| #define PACKAGE_URL ""
| #define PACKAGE "w3m"
| #define VERSION "0.5.3"
| #define W3M w3m
| #define W3M_TARGET 
| #define USE_M17N 1
| #define USE_UNICODE 1
| #define W3M_LANG EN
| #define WCTARGET "libwc/libwc.a"
| #define WCCFLAGS "-DUSE_UNICODE -I$(srcdir) -I$(srcdir)/.."
| #define DISPLAY_CHARSET WC_CES_UTF_8
| #define SYSTEM_CHARSET WC_CES_UTF_8
| #define DOCUMENT_CHARSET WC_CES_UTF_8
| #define HAVE_CFPREFERENCESCOPYAPPVALUE 1
| #define HAVE_CFLOCALECOPYCURRENT 1
| #define HAVE_ICONV 1
| #define USE_COLOR 1
| #define USE_ANSI_COLOR 1
| #define USE_BG_COLOR 1
| #define INSTALL_W3MIMGDISPLAY $INSTALL_W3MIMGDISPLAY
| #define USE_IMAGE 1
| #define USE_W3MIMG_X11 1
| #define USE_IMLIB2 1
| #define IMGTARGETS "$IMGTARGETS"
| #define IMGOBJS "$IMGOBJS"
| #define IMGX11CFLAGS "$IMGX11CFLAGS"
| #define IMGX11LDFLAGS "$IMGX11LDFLAGS"
| #define IMGFBCFLAGS "$IMGFBCFLAGS"
| #define IMGFBLDFLAGS "$IMGFBLDFLAGS"
| #define IMGLINK "$IMGLINK"
| #define IMGWINCFLAGS "$IMGWINCFLAGS"
| #define IMGWINLDFLAGS "$IMGWINLDFLAGS"
| #define USE_XFACE 1
| #define HELP_FILE "w3mhelp-w3m_en.html"
| #define KEYBIND w3m
| #define USE_MENU 1
| #define USE_MOUSE 1
| #define USE_HISTORY 1
| #define USE_ALARM 1
| #define USE_COOKIE 1
| #define USE_NNTP 1
| #define USE_DICT 1
| #define USE_HELP_CGI 1
| #define USE_EXTERNAL_URI_LOADER 1
| #define USE_W3MMAILER 1
| #define DEF_MIGEMO_COMMAND "migemo -t egrep /usr/local/share/migemo/migemo-dict"
| #define DEF_EDITOR "/usr/bin/vi"
| #define DEF_MAILER "/usr/bin/mail"
| #define DEF_EXT_BROWSER "/usr/bin/mozilla"
| #define INET6 1
| #define USE_SSL 1
| #define USE_SSL_VERIFY 1
| #define USE_DIGEST_AUTH 1
| /* end confdefs.h.  */
| #include <sys/consio.h>
|    MOUSE_GETINFO
configure:7959: gcc -E -I/usr/local/opt/openssl/include -I/opt/X11/include conftest.c
conftest.c:61:10: fatal error: 'machine/console.h' file not found
#include <machine/console.h>
         ^~~~~~~~~~~~~~~~~~~
1 error generated.
configure:7959: $? = 1
configure: failed program was:
| /* confdefs.h */
| #define PACKAGE_NAME "w3m"
| #define PACKAGE_TARNAME "w3m"
| #define PACKAGE_VERSION "0.5.3"
| #define PACKAGE_STRING "w3m 0.5.3"
| #define PACKAGE_BUGREPORT "satodai@w3m.jp"
| #define PACKAGE_URL ""
| #define PACKAGE "w3m"
| #define VERSION "0.5.3"
| #define W3M w3m
| #define W3M_TARGET 
| #define USE_M17N 1
| #define USE_UNICODE 1
| #define W3M_LANG EN
| #define WCTARGET "libwc/libwc.a"
| #define WCCFLAGS "-DUSE_UNICODE -I$(srcdir) -I$(srcdir)/.."
| #define DISPLAY_CHARSET WC_CES_UTF_8
| #define SYSTEM_CHARSET WC_CES_UTF_8
| #define DOCUMENT_CHARSET WC_CES_UTF_8
| #define HAVE_CFPREFERENCESCOPYAPPVALUE 1
| #define HAVE_CFLOCALECOPYCURRENT 1
| #define HAVE_ICONV 1
| #define USE_COLOR 1
| #define USE_ANSI_COLOR 1
| #define USE_BG_COLOR 1
| #define INSTALL_W3MIMGDISPLAY $INSTALL_W3MIMGDISPLAY
| #define USE_IMAGE 1
| #define USE_W3MIMG_X11 1
| #define USE_IMLIB2 1
| #define IMGTARGETS "$IMGTARGETS"
| #define IMGOBJS "$IMGOBJS"
| #define IMGX11CFLAGS "$IMGX11CFLAGS"
| #define IMGX11LDFLAGS "$IMGX11LDFLAGS"
| #define IMGFBCFLAGS "$IMGFBCFLAGS"
| #define IMGFBLDFLAGS "$IMGFBLDFLAGS"
| #define IMGLINK "$IMGLINK"
| #define IMGWINCFLAGS "$IMGWINCFLAGS"
| #define IMGWINLDFLAGS "$IMGWINLDFLAGS"
| #define USE_XFACE 1
| #define HELP_FILE "w3mhelp-w3m_en.html"
| #define KEYBIND w3m
| #define USE_MENU 1
| #define USE_MOUSE 1
| #define USE_HISTORY 1
| #define USE_ALARM 1
| #define USE_COOKIE 1
| #define USE_NNTP 1
| #define USE_DICT 1
| #define USE_HELP_CGI 1
| #define USE_EXTERNAL_URI_LOADER 1
| #define USE_W3MMAILER 1
| #define DEF_MIGEMO_COMMAND "migemo -t egrep /usr/local/share/migemo/migemo-dict"
| #define DEF_EDITOR "/usr/bin/vi"
| #define DEF_MAILER "/usr/bin/mail"
| #define DEF_EXT_BROWSER "/usr/bin/mozilla"
| #define INET6 1
| #define USE_SSL 1
| #define USE_SSL_VERIFY 1
| #define USE_DIGEST_AUTH 1
| /* end confdefs.h.  */
| #include <machine/console.h>
|       MOUSE_GETINFO
configure:7968: checking terminal library
configure:7978: result: yes
configure:7983: checking for tgetent in -lterminfo
configure:8008: gcc -o conftest -g -O2 -I$(srcdir)/libwc  -I/usr/local/opt/openssl/include -I/opt/X11/include -L/usr/local/opt/openssl/lib -L/opt/X11/lib -lX11 conftest.c -lterminfo   >&5
ld: library not found for -lterminfo
clang: error: linker command failed with exit code 1 (use -v to see invocation)
configure:8008: $? = 1
configure: failed program was:
| /* confdefs.h */
| #define PACKAGE_NAME "w3m"
| #define PACKAGE_TARNAME "w3m"
| #define PACKAGE_VERSION "0.5.3"
| #define PACKAGE_STRING "w3m 0.5.3"
| #define PACKAGE_BUGREPORT "satodai@w3m.jp"
| #define PACKAGE_URL ""
| #define PACKAGE "w3m"
| #define VERSION "0.5.3"
| #define W3M w3m
| #define W3M_TARGET 
| #define USE_M17N 1
| #define USE_UNICODE 1
| #define W3M_LANG EN
| #define WCTARGET "libwc/libwc.a"
| #define WCCFLAGS "-DUSE_UNICODE -I$(srcdir) -I$(srcdir)/.."
| #define DISPLAY_CHARSET WC_CES_UTF_8
| #define SYSTEM_CHARSET WC_CES_UTF_8
| #define DOCUMENT_CHARSET WC_CES_UTF_8
| #define HAVE_CFPREFERENCESCOPYAPPVALUE 1
| #define HAVE_CFLOCALECOPYCURRENT 1
| #define HAVE_ICONV 1
| #define USE_COLOR 1
| #define USE_ANSI_COLOR 1
| #define USE_BG_COLOR 1
| #define INSTALL_W3MIMGDISPLAY $INSTALL_W3MIMGDISPLAY
| #define USE_IMAGE 1
| #define USE_W3MIMG_X11 1
| #define USE_IMLIB2 1
| #define IMGTARGETS "$IMGTARGETS"
| #define IMGOBJS "$IMGOBJS"
| #define IMGX11CFLAGS "$IMGX11CFLAGS"
| #define IMGX11LDFLAGS "$IMGX11LDFLAGS"
| #define IMGFBCFLAGS "$IMGFBCFLAGS"
| #define IMGFBLDFLAGS "$IMGFBLDFLAGS"
| #define IMGLINK "$IMGLINK"
| #define IMGWINCFLAGS "$IMGWINCFLAGS"
| #define IMGWINLDFLAGS "$IMGWINLDFLAGS"
| #define USE_XFACE 1
| #define HELP_FILE "w3mhelp-w3m_en.html"
| #define KEYBIND w3m
| #define USE_MENU 1
| #define USE_MOUSE 1
| #define USE_HISTORY 1
| #define USE_ALARM 1
| #define USE_COOKIE 1
| #define USE_NNTP 1
| #define USE_DICT 1
| #define USE_HELP_CGI 1
| #define USE_EXTERNAL_URI_LOADER 1
| #define USE_W3MMAILER 1
| #define DEF_MIGEMO_COMMAND "migemo -t egrep /usr/local/share/migemo/migemo-dict"
| #define DEF_EDITOR "/usr/bin/vi"
| #define DEF_MAILER "/usr/bin/mail"
| #define DEF_EXT_BROWSER "/usr/bin/mozilla"
| #define INET6 1
| #define USE_SSL 1
| #define USE_SSL_VERIFY 1
| #define USE_DIGEST_AUTH 1
| /* end confdefs.h.  */
| 
| /* Override any GCC internal prototype to avoid an error.
|    Use char because int might match the return type of a GCC
|    builtin and then its argument prototype would still apply.  */
| #ifdef __cplusplus
| extern "C"
| #endif
| char tgetent ();
| int
| main ()
| {
| return tgetent ();
|   ;
|   return 0;
| }
configure:8018: result: no
configure:7983: checking for tgetent in -lmytinfo
configure:8008: gcc -o conftest -g -O2 -I$(srcdir)/libwc  -I/usr/local/opt/openssl/include -I/opt/X11/include -L/usr/local/opt/openssl/lib -L/opt/X11/lib -lX11 conftest.c -lmytinfo   >&5
ld: library not found for -lmytinfo
clang: error: linker command failed with exit code 1 (use -v to see invocation)
configure:8008: $? = 1
configure: failed program was:
| /* confdefs.h */
| #define PACKAGE_NAME "w3m"
| #define PACKAGE_TARNAME "w3m"
| #define PACKAGE_VERSION "0.5.3"
| #define PACKAGE_STRING "w3m 0.5.3"
| #define PACKAGE_BUGREPORT "satodai@w3m.jp"
| #define PACKAGE_URL ""
| #define PACKAGE "w3m"
| #define VERSION "0.5.3"
| #define W3M w3m
| #define W3M_TARGET 
| #define USE_M17N 1
| #define USE_UNICODE 1
| #define W3M_LANG EN
| #define WCTARGET "libwc/libwc.a"
| #define WCCFLAGS "-DUSE_UNICODE -I$(srcdir) -I$(srcdir)/.."
| #define DISPLAY_CHARSET WC_CES_UTF_8
| #define SYSTEM_CHARSET WC_CES_UTF_8
| #define DOCUMENT_CHARSET WC_CES_UTF_8
| #define HAVE_CFPREFERENCESCOPYAPPVALUE 1
| #define HAVE_CFLOCALECOPYCURRENT 1
| #define HAVE_ICONV 1
| #define USE_COLOR 1
| #define USE_ANSI_COLOR 1
| #define USE_BG_COLOR 1
| #define INSTALL_W3MIMGDISPLAY $INSTALL_W3MIMGDISPLAY
| #define USE_IMAGE 1
| #define USE_W3MIMG_X11 1
| #define USE_IMLIB2 1
| #define IMGTARGETS "$IMGTARGETS"
| #define IMGOBJS "$IMGOBJS"
| #define IMGX11CFLAGS "$IMGX11CFLAGS"
| #define IMGX11LDFLAGS "$IMGX11LDFLAGS"
| #define IMGFBCFLAGS "$IMGFBCFLAGS"
| #define IMGFBLDFLAGS "$IMGFBLDFLAGS"
| #define IMGLINK "$IMGLINK"
| #define IMGWINCFLAGS "$IMGWINCFLAGS"
| #define IMGWINLDFLAGS "$IMGWINLDFLAGS"
| #define USE_XFACE 1
| #define HELP_FILE "w3mhelp-w3m_en.html"
| #define KEYBIND w3m
| #define USE_MENU 1
| #define USE_MOUSE 1
| #define USE_HISTORY 1
| #define USE_ALARM 1
| #define USE_COOKIE 1
| #define USE_NNTP 1
| #define USE_DICT 1
| #define USE_HELP_CGI 1
| #define USE_EXTERNAL_URI_LOADER 1
| #define USE_W3MMAILER 1
| #define DEF_MIGEMO_COMMAND "migemo -t egrep /usr/local/share/migemo/migemo-dict"
| #define DEF_EDITOR "/usr/bin/vi"
| #define DEF_MAILER "/usr/bin/mail"
| #define DEF_EXT_BROWSER "/usr/bin/mozilla"
| #define INET6 1
| #define USE_SSL 1
| #define USE_SSL_VERIFY 1
| #define USE_DIGEST_AUTH 1
| /* end confdefs.h.  */
| 
| /* Override any GCC internal prototype to avoid an error.
|    Use char because int might match the return type of a GCC
|    builtin and then its argument prototype would still apply.  */
| #ifdef __cplusplus
| extern "C"
| #endif
| char tgetent ();
| int
| main ()
| {
| return tgetent ();
|   ;
|   return 0;
| }
configure:8018: result: no
configure:7983: checking for tgetent in -ltermlib
configure:8008: gcc -o conftest -g -O2 -I$(srcdir)/libwc  -I/usr/local/opt/openssl/include -I/opt/X11/include -L/usr/local/opt/openssl/lib -L/opt/X11/lib -lX11 conftest.c -ltermlib   >&5
ld: library not found for -ltermlib
clang: error: linker command failed with exit code 1 (use -v to see invocation)
configure:8008: $? = 1
configure: failed program was:
| /* confdefs.h */
| #define PACKAGE_NAME "w3m"
| #define PACKAGE_TARNAME "w3m"
| #define PACKAGE_VERSION "0.5.3"
| #define PACKAGE_STRING "w3m 0.5.3"
| #define PACKAGE_BUGREPORT "satodai@w3m.jp"
| #define PACKAGE_URL ""
| #define PACKAGE "w3m"
| #define VERSION "0.5.3"
| #define W3M w3m
| #define W3M_TARGET 
| #define USE_M17N 1
| #define USE_UNICODE 1
| #define W3M_LANG EN
| #define WCTARGET "libwc/libwc.a"
| #define WCCFLAGS "-DUSE_UNICODE -I$(srcdir) -I$(srcdir)/.."
| #define DISPLAY_CHARSET WC_CES_UTF_8
| #define SYSTEM_CHARSET WC_CES_UTF_8
| #define DOCUMENT_CHARSET WC_CES_UTF_8
| #define HAVE_CFPREFERENCESCOPYAPPVALUE 1
| #define HAVE_CFLOCALECOPYCURRENT 1
| #define HAVE_ICONV 1
| #define USE_COLOR 1
| #define USE_ANSI_COLOR 1
| #define USE_BG_COLOR 1
| #define INSTALL_W3MIMGDISPLAY $INSTALL_W3MIMGDISPLAY
| #define USE_IMAGE 1
| #define USE_W3MIMG_X11 1
| #define USE_IMLIB2 1
| #define IMGTARGETS "$IMGTARGETS"
| #define IMGOBJS "$IMGOBJS"
| #define IMGX11CFLAGS "$IMGX11CFLAGS"
| #define IMGX11LDFLAGS "$IMGX11LDFLAGS"
| #define IMGFBCFLAGS "$IMGFBCFLAGS"
| #define IMGFBLDFLAGS "$IMGFBLDFLAGS"
| #define IMGLINK "$IMGLINK"
| #define IMGWINCFLAGS "$IMGWINCFLAGS"
| #define IMGWINLDFLAGS "$IMGWINLDFLAGS"
| #define USE_XFACE 1
| #define HELP_FILE "w3mhelp-w3m_en.html"
| #define KEYBIND w3m
| #define USE_MENU 1
| #define USE_MOUSE 1
| #define USE_HISTORY 1
| #define USE_ALARM 1
| #define USE_COOKIE 1
| #define USE_NNTP 1
| #define USE_DICT 1
| #define USE_HELP_CGI 1
| #define USE_EXTERNAL_URI_LOADER 1
| #define USE_W3MMAILER 1
| #define DEF_MIGEMO_COMMAND "migemo -t egrep /usr/local/share/migemo/migemo-dict"
| #define DEF_EDITOR "/usr/bin/vi"
| #define DEF_MAILER "/usr/bin/mail"
| #define DEF_EXT_BROWSER "/usr/bin/mozilla"
| #define INET6 1
| #define USE_SSL 1
| #define USE_SSL_VERIFY 1
| #define USE_DIGEST_AUTH 1
| /* end confdefs.h.  */
| 
| /* Override any GCC internal prototype to avoid an error.
|    Use char because int might match the return type of a GCC
|    builtin and then its argument prototype would still apply.  */
| #ifdef __cplusplus
| extern "C"
| #endif
| char tgetent ();
| int
| main ()
| {
| return tgetent ();
|   ;
|   return 0;
| }
configure:8018: result: no
configure:7983: checking for tgetent in -ltermcap
configure:8008: gcc -o conftest -g -O2 -I$(srcdir)/libwc  -I/usr/local/opt/openssl/include -I/opt/X11/include -L/usr/local/opt/openssl/lib -L/opt/X11/lib -lX11 conftest.c -ltermcap   >&5
configure:8008: $? = 0
configure:8018: result: yes
configure:8026: checking for ANSI C header files
configure:8046: gcc -c -g -O2 -I$(srcdir)/libwc  -I/usr/local/opt/openssl/include -I/opt/X11/include conftest.c >&5
configure:8046: $? = 0
configure:8119: gcc -o conftest -g -O2 -I$(srcdir)/libwc  -I/usr/local/opt/openssl/include -I/opt/X11/include -L/usr/local/opt/openssl/lib -L/opt/X11/lib -lX11 conftest.c  >&5
configure:8119: $? = 0
configure:8119: ./conftest
configure:8119: $? = 0
configure:8130: result: yes
configure:8143: checking for sys/types.h
configure:8143: gcc -c -g -O2 -I$(srcdir)/libwc  -I/usr/local/opt/openssl/include -I/opt/X11/include conftest.c >&5
configure:8143: $? = 0
configure:8143: result: yes
configure:8143: checking for sys/stat.h
configure:8143: gcc -c -g -O2 -I$(srcdir)/libwc  -I/usr/local/opt/openssl/include -I/opt/X11/include conftest.c >&5
configure:8143: $? = 0
configure:8143: result: yes
configure:8143: checking for stdlib.h
configure:8143: gcc -c -g -O2 -I$(srcdir)/libwc  -I/usr/local/opt/openssl/include -I/opt/X11/include conftest.c >&5
configure:8143: $? = 0
configure:8143: result: yes
configure:8143: checking for string.h
configure:8143: gcc -c -g -O2 -I$(srcdir)/libwc  -I/usr/local/opt/openssl/include -I/opt/X11/include conftest.c >&5
configure:8143: $? = 0
configure:8143: result: yes
configure:8143: checking for memory.h
configure:8143: gcc -c -g -O2 -I$(srcdir)/libwc  -I/usr/local/opt/openssl/include -I/opt/X11/include conftest.c >&5
configure:8143: $? = 0
configure:8143: result: yes
configure:8143: checking for strings.h
configure:8143: gcc -c -g -O2 -I$(srcdir)/libwc  -I/usr/local/opt/openssl/include -I/opt/X11/include conftest.c >&5
configure:8143: $? = 0
configure:8143: result: yes
configure:8143: checking for inttypes.h
configure:8143: gcc -c -g -O2 -I$(srcdir)/libwc  -I/usr/local/opt/openssl/include -I/opt/X11/include conftest.c >&5
configure:8143: $? = 0
configure:8143: result: yes
configure:8143: checking for stdint.h
configure:8143: gcc -c -g -O2 -I$(srcdir)/libwc  -I/usr/local/opt/openssl/include -I/opt/X11/include conftest.c >&5
configure:8143: $? = 0
configure:8143: result: yes
configure:8143: checking for unistd.h
configure:8143: gcc -c -g -O2 -I$(srcdir)/libwc  -I/usr/local/opt/openssl/include -I/opt/X11/include conftest.c >&5
configure:8143: $? = 0
configure:8143: result: yes
configure:8155: checking GC library exists
configure:8166: result: yes
configure:8170: checking gc.h usability
configure:8170: gcc -c -g -O2 -I$(srcdir)/libwc  -I/usr/local/opt/openssl/include -I/opt/X11/include conftest.c >&5
configure:8170: $? = 0
configure:8170: result: yes
configure:8170: checking gc.h presence
configure:8170: gcc -E -I/usr/local/opt/openssl/include -I/opt/X11/include conftest.c
configure:8170: $? = 0
configure:8170: result: yes
configure:8170: checking for gc.h
configure:8170: result: yes
configure:8206: checking for GC_init in -lgc
configure:8231: gcc -o conftest -g -O2 -I$(srcdir)/libwc  -I/usr/local/opt/openssl/include -I/opt/X11/include -L/usr/local/opt/openssl/lib -L/opt/X11/lib -lX11 conftest.c -lgc   >&5
configure:8231: $? = 0
configure:8240: result: yes
configure:8304: checking for zError in -lz
configure:8329: gcc -o conftest -g -O2 -I$(srcdir)/libwc  -I/usr/local/opt/openssl/include -I/opt/X11/include -L/usr/local/opt/openssl/lib -L/opt/X11/lib -lX11 conftest.c -lz   >&5
configure:8329: $? = 0
configure:8338: result: yes
configure:8345: checking for socklen_t
configure:8345: gcc -c -g -O2 -I$(srcdir)/libwc  -I/usr/local/opt/openssl/include -I/opt/X11/include conftest.c >&5
configure:8345: $? = 0
configure:8345: gcc -c -g -O2 -I$(srcdir)/libwc  -I/usr/local/opt/openssl/include -I/opt/X11/include conftest.c >&5
conftest.c:77:24: error: expected expression
if (sizeof ((socklen_t)))
                       ^
1 error generated.
configure:8345: $? = 1
configure: failed program was:
| /* confdefs.h */
| #define PACKAGE_NAME "w3m"
| #define PACKAGE_TARNAME "w3m"
| #define PACKAGE_VERSION "0.5.3"
| #define PACKAGE_STRING "w3m 0.5.3"
| #define PACKAGE_BUGREPORT "satodai@w3m.jp"
| #define PACKAGE_URL ""
| #define PACKAGE "w3m"
| #define VERSION "0.5.3"
| #define W3M w3m
| #define W3M_TARGET 
| #define USE_M17N 1
| #define USE_UNICODE 1
| #define W3M_LANG EN
| #define WCTARGET "libwc/libwc.a"
| #define WCCFLAGS "-DUSE_UNICODE -I$(srcdir) -I$(srcdir)/.."
| #define DISPLAY_CHARSET WC_CES_UTF_8
| #define SYSTEM_CHARSET WC_CES_UTF_8
| #define DOCUMENT_CHARSET WC_CES_UTF_8
| #define HAVE_CFPREFERENCESCOPYAPPVALUE 1
| #define HAVE_CFLOCALECOPYCURRENT 1
| #define HAVE_ICONV 1
| #define USE_COLOR 1
| #define USE_ANSI_COLOR 1
| #define USE_BG_COLOR 1
| #define INSTALL_W3MIMGDISPLAY $INSTALL_W3MIMGDISPLAY
| #define USE_IMAGE 1
| #define USE_W3MIMG_X11 1
| #define USE_IMLIB2 1
| #define IMGTARGETS "$IMGTARGETS"
| #define IMGOBJS "$IMGOBJS"
| #define IMGX11CFLAGS "$IMGX11CFLAGS"
| #define IMGX11LDFLAGS "$IMGX11LDFLAGS"
| #define IMGFBCFLAGS "$IMGFBCFLAGS"
| #define IMGFBLDFLAGS "$IMGFBLDFLAGS"
| #define IMGLINK "$IMGLINK"
| #define IMGWINCFLAGS "$IMGWINCFLAGS"
| #define IMGWINLDFLAGS "$IMGWINLDFLAGS"
| #define USE_XFACE 1
| #define HELP_FILE "w3mhelp-w3m_en.html"
| #define KEYBIND w3m
| #define USE_MENU 1
| #define USE_MOUSE 1
| #define USE_HISTORY 1
| #define USE_ALARM 1
| #define USE_COOKIE 1
| #define USE_NNTP 1
| #define USE_DICT 1
| #define USE_HELP_CGI 1
| #define USE_EXTERNAL_URI_LOADER 1
| #define USE_W3MMAILER 1
| #define DEF_MIGEMO_COMMAND "migemo -t egrep /usr/local/share/migemo/migemo-dict"
| #define DEF_EDITOR "/usr/bin/vi"
| #define DEF_MAILER "/usr/bin/mail"
| #define DEF_EXT_BROWSER "/usr/bin/mozilla"
| #define INET6 1
| #define USE_SSL 1
| #define USE_SSL_VERIFY 1
| #define USE_DIGEST_AUTH 1
| #define STDC_HEADERS 1
| #define HAVE_SYS_TYPES_H 1
| #define HAVE_SYS_STAT_H 1
| #define HAVE_STDLIB_H 1
| #define HAVE_STRING_H 1
| #define HAVE_MEMORY_H 1
| #define HAVE_STRINGS_H 1
| #define HAVE_INTTYPES_H 1
| #define HAVE_STDINT_H 1
| #define HAVE_UNISTD_H 1
| /* end confdefs.h.  */
| #include <sys/types.h>
| 	  #include <sys/socket.h>
| 
| int
| main ()
| {
| if (sizeof ((socklen_t)))
| 	    return 0;
|   ;
|   return 0;
| }
configure:8345: result: yes
configure:8368: checking for dirent.h that defines DIR
configure:8387: gcc -c -g -O2 -I$(srcdir)/libwc  -I/usr/local/opt/openssl/include -I/opt/X11/include conftest.c >&5
configure:8387: $? = 0
configure:8395: result: yes
configure:8408: checking for library containing opendir
configure:8439: gcc -o conftest -g -O2 -I$(srcdir)/libwc  -I/usr/local/opt/openssl/include -I/opt/X11/include -L/usr/local/opt/openssl/lib -L/opt/X11/lib -lX11 conftest.c  >&5
configure:8439: $? = 0
configure:8456: result: none required
configure:8523: checking for ANSI C header files
configure:8627: result: yes
configure:8635: checking for sys/wait.h that is POSIX.1 compatible
configure:8661: gcc -c -g -O2 -I$(srcdir)/libwc  -I/usr/local/opt/openssl/include -I/opt/X11/include conftest.c >&5
configure:8661: $? = 0
configure:8668: result: yes
configure:8676: checking termios.h usability
configure:8676: gcc -c -g -O2 -I$(srcdir)/libwc  -I/usr/local/opt/openssl/include -I/opt/X11/include conftest.c >&5
configure:8676: $? = 0
configure:8676: result: yes
configure:8676: checking termios.h presence
configure:8676: gcc -E -I/usr/local/opt/openssl/include -I/opt/X11/include conftest.c
configure:8676: $? = 0
configure:8676: result: yes
configure:8676: checking for termios.h
configure:8676: result: yes
configure:8699: checking float.h usability
configure:8699: gcc -c -g -O2 -I$(srcdir)/libwc  -I/usr/local/opt/openssl/include -I/opt/X11/include conftest.c >&5
configure:8699: $? = 0
configure:8699: result: yes
configure:8699: checking float.h presence
configure:8699: gcc -E -I/usr/local/opt/openssl/include -I/opt/X11/include conftest.c
configure:8699: $? = 0
configure:8699: result: yes
configure:8699: checking for float.h
configure:8699: result: yes
configure:8706: checking sys/select.h usability
configure:8706: gcc -c -g -O2 -I$(srcdir)/libwc  -I/usr/local/opt/openssl/include -I/opt/X11/include conftest.c >&5
configure:8706: $? = 0
configure:8706: result: yes
configure:8706: checking sys/select.h presence
configure:8706: gcc -E -I/usr/local/opt/openssl/include -I/opt/X11/include conftest.c
configure:8706: $? = 0
configure:8706: result: yes
configure:8706: checking for sys/select.h
configure:8706: result: yes
configure:8713: checking locale.h usability
configure:8713: gcc -c -g -O2 -I$(srcdir)/libwc  -I/usr/local/opt/openssl/include -I/opt/X11/include conftest.c >&5
configure:8713: $? = 0
configure:8713: result: yes
configure:8713: checking locale.h presence
configure:8713: gcc -E -I/usr/local/opt/openssl/include -I/opt/X11/include conftest.c
configure:8713: $? = 0
configure:8713: result: yes
configure:8713: checking for locale.h
configure:8713: result: yes
configure:8720: checking for stdint.h
configure:8720: result: yes
configure:8727: checking for inttypes.h
configure:8727: result: yes
configure:8739: checking size of long long
configure:8744: gcc -o conftest -g -O2 -I$(srcdir)/libwc  -I/usr/local/opt/openssl/include -I/opt/X11/include -L/usr/local/opt/openssl/lib -L/opt/X11/lib -lX11 conftest.c  >&5
configure:8744: $? = 0
configure:8744: ./conftest
configure:8744: $? = 0
configure:8758: result: 8
configure:8772: checking for strcasecmp
configure:8772: gcc -o conftest -g -O2 -I$(srcdir)/libwc  -I/usr/local/opt/openssl/include -I/opt/X11/include -L/usr/local/opt/openssl/lib -L/opt/X11/lib -lX11 conftest.c  >&5
conftest.c:106:6: warning: incompatible redeclaration of library function 'strcasecmp' [-Wincompatible-library-redeclaration]
char strcasecmp ();
     ^
conftest.c:106:6: note: 'strcasecmp' is a builtin with type 'int (const char *, const char *)'
1 warning generated.
configure:8772: $? = 0
configure:8772: result: yes
configure:8772: checking for strcasestr
configure:8772: gcc -o conftest -g -O2 -I$(srcdir)/libwc  -I/usr/local/opt/openssl/include -I/opt/X11/include -L/usr/local/opt/openssl/lib -L/opt/X11/lib -lX11 conftest.c  >&5
configure:8772: $? = 0
configure:8772: result: yes
configure:8772: checking for strchr
configure:8772: gcc -o conftest -g -O2 -I$(srcdir)/libwc  -I/usr/local/opt/openssl/include -I/opt/X11/include -L/usr/local/opt/openssl/lib -L/opt/X11/lib -lX11 conftest.c  >&5
conftest.c:108:6: warning: incompatible redeclaration of library function 'strchr' [-Wincompatible-library-redeclaration]
char strchr ();
     ^
conftest.c:108:6: note: 'strchr' is a builtin with type 'char *(const char *, int)'
1 warning generated.
configure:8772: $? = 0
configure:8772: result: yes
configure:8772: checking for memcpy
configure:8772: gcc -o conftest -g -O2 -I$(srcdir)/libwc  -I/usr/local/opt/openssl/include -I/opt/X11/include -L/usr/local/opt/openssl/lib -L/opt/X11/lib -lX11 conftest.c  >&5
conftest.c:109:6: warning: incompatible redeclaration of library function 'memcpy' [-Wincompatible-library-redeclaration]
char memcpy ();
     ^
conftest.c:109:6: note: 'memcpy' is a builtin with type 'void *(void *, const void *, unsigned long)'
1 warning generated.
configure:8772: $? = 0
configure:8772: result: yes
configure:8772: checking for strerror
configure:8772: gcc -o conftest -g -O2 -I$(srcdir)/libwc  -I/usr/local/opt/openssl/include -I/opt/X11/include -L/usr/local/opt/openssl/lib -L/opt/X11/lib -lX11 conftest.c  >&5
conftest.c:110:6: warning: incompatible redeclaration of library function 'strerror' [-Wincompatible-library-redeclaration]
char strerror ();
     ^
conftest.c:110:6: note: 'strerror' is a builtin with type 'char *(int)'
1 warning generated.
configure:8772: $? = 0
configure:8772: result: yes
configure:8772: checking for bcopy
configure:8772: gcc -o conftest -g -O2 -I$(srcdir)/libwc  -I/usr/local/opt/openssl/include -I/opt/X11/include -L/usr/local/opt/openssl/lib -L/opt/X11/lib -lX11 conftest.c  >&5
configure:8772: $? = 0
configure:8772: result: yes
configure:8772: checking for setpgrp
configure:8772: gcc -o conftest -g -O2 -I$(srcdir)/libwc  -I/usr/local/opt/openssl/include -I/opt/X11/include -L/usr/local/opt/openssl/lib -L/opt/X11/lib -lX11 conftest.c  >&5
configure:8772: $? = 0
configure:8772: result: yes
configure:8772: checking for chdir
configure:8772: gcc -o conftest -g -O2 -I$(srcdir)/libwc  -I/usr/local/opt/openssl/include -I/opt/X11/include -L/usr/local/opt/openssl/lib -L/opt/X11/lib -lX11 conftest.c  >&5
configure:8772: $? = 0
configure:8772: result: yes
configure:8772: checking for getcwd
configure:8772: gcc -o conftest -g -O2 -I$(srcdir)/libwc  -I/usr/local/opt/openssl/include -I/opt/X11/include -L/usr/local/opt/openssl/lib -L/opt/X11/lib -lX11 conftest.c  >&5
configure:8772: $? = 0
configure:8772: result: yes
configure:8772: checking for getwd
configure:8772: gcc -o conftest -g -O2 -I$(srcdir)/libwc  -I/usr/local/opt/openssl/include -I/opt/X11/include -L/usr/local/opt/openssl/lib -L/opt/X11/lib -lX11 conftest.c  >&5
configure:8772: $? = 0
configure:8772: result: yes
configure:8772: checking for readlink
configure:8772: gcc -o conftest -g -O2 -I$(srcdir)/libwc  -I/usr/local/opt/openssl/include -I/opt/X11/include -L/usr/local/opt/openssl/lib -L/opt/X11/lib -lX11 conftest.c  >&5
configure:8772: $? = 0
configure:8772: result: yes
configure:8772: checking for setenv
configure:8772: gcc -o conftest -g -O2 -I$(srcdir)/libwc  -I/usr/local/opt/openssl/include -I/opt/X11/include -L/usr/local/opt/openssl/lib -L/opt/X11/lib -lX11 conftest.c  >&5
configure:8772: $? = 0
configure:8772: result: yes
configure:8772: checking for putenv
configure:8772: gcc -o conftest -g -O2 -I$(srcdir)/libwc  -I/usr/local/opt/openssl/include -I/opt/X11/include -L/usr/local/opt/openssl/lib -L/opt/X11/lib -lX11 conftest.c  >&5
configure:8772: $? = 0
configure:8772: result: yes
configure:8772: checking for strtoll
configure:8772: gcc -o conftest -g -O2 -I$(srcdir)/libwc  -I/usr/local/opt/openssl/include -I/opt/X11/include -L/usr/local/opt/openssl/lib -L/opt/X11/lib -lX11 conftest.c  >&5
configure:8772: $? = 0
configure:8772: result: yes
configure:8772: checking for stroq
configure:8772: gcc -o conftest -g -O2 -I$(srcdir)/libwc  -I/usr/local/opt/openssl/include -I/opt/X11/include -L/usr/local/opt/openssl/lib -L/opt/X11/lib -lX11 conftest.c  >&5
Undefined symbols for architecture x86_64:
  "_stroq", referenced from:
      _main in conftest-efdf54.o
ld: symbol(s) not found for architecture x86_64
clang: error: linker command failed with exit code 1 (use -v to see invocation)
configure:8772: $? = 1
configure: failed program was:
| /* confdefs.h */
| #define PACKAGE_NAME "w3m"
| #define PACKAGE_TARNAME "w3m"
| #define PACKAGE_VERSION "0.5.3"
| #define PACKAGE_STRING "w3m 0.5.3"
| #define PACKAGE_BUGREPORT "satodai@w3m.jp"
| #define PACKAGE_URL ""
| #define PACKAGE "w3m"
| #define VERSION "0.5.3"
| #define W3M w3m
| #define W3M_TARGET 
| #define USE_M17N 1
| #define USE_UNICODE 1
| #define W3M_LANG EN
| #define WCTARGET "libwc/libwc.a"
| #define WCCFLAGS "-DUSE_UNICODE -I$(srcdir) -I$(srcdir)/.."
| #define DISPLAY_CHARSET WC_CES_UTF_8
| #define SYSTEM_CHARSET WC_CES_UTF_8
| #define DOCUMENT_CHARSET WC_CES_UTF_8
| #define HAVE_CFPREFERENCESCOPYAPPVALUE 1
| #define HAVE_CFLOCALECOPYCURRENT 1
| #define HAVE_ICONV 1
| #define USE_COLOR 1
| #define USE_ANSI_COLOR 1
| #define USE_BG_COLOR 1
| #define INSTALL_W3MIMGDISPLAY $INSTALL_W3MIMGDISPLAY
| #define USE_IMAGE 1
| #define USE_W3MIMG_X11 1
| #define USE_IMLIB2 1
| #define IMGTARGETS "$IMGTARGETS"
| #define IMGOBJS "$IMGOBJS"
| #define IMGX11CFLAGS "$IMGX11CFLAGS"
| #define IMGX11LDFLAGS "$IMGX11LDFLAGS"
| #define IMGFBCFLAGS "$IMGFBCFLAGS"
| #define IMGFBLDFLAGS "$IMGFBLDFLAGS"
| #define IMGLINK "$IMGLINK"
| #define IMGWINCFLAGS "$IMGWINCFLAGS"
| #define IMGWINLDFLAGS "$IMGWINLDFLAGS"
| #define USE_XFACE 1
| #define HELP_FILE "w3mhelp-w3m_en.html"
| #define KEYBIND w3m
| #define USE_MENU 1
| #define USE_MOUSE 1
| #define USE_HISTORY 1
| #define USE_ALARM 1
| #define USE_COOKIE 1
| #define USE_NNTP 1
| #define USE_DICT 1
| #define USE_HELP_CGI 1
| #define USE_EXTERNAL_URI_LOADER 1
| #define USE_W3MMAILER 1
| #define DEF_MIGEMO_COMMAND "migemo -t egrep /usr/local/share/migemo/migemo-dict"
| #define DEF_EDITOR "/usr/bin/vi"
| #define DEF_MAILER "/usr/bin/mail"
| #define DEF_EXT_BROWSER "/usr/bin/mozilla"
| #define INET6 1
| #define USE_SSL 1
| #define USE_SSL_VERIFY 1
| #define USE_DIGEST_AUTH 1
| #define STDC_HEADERS 1
| #define HAVE_SYS_TYPES_H 1
| #define HAVE_SYS_STAT_H 1
| #define HAVE_STDLIB_H 1
| #define HAVE_STRING_H 1
| #define HAVE_MEMORY_H 1
| #define HAVE_STRINGS_H 1
| #define HAVE_INTTYPES_H 1
| #define HAVE_STDINT_H 1
| #define HAVE_UNISTD_H 1
| #define HAVE_SOCKLEN_T 1
| #define AUXBIN_TARGETS "$AUXBIN_TARGETS"
| #define HAVE_DIRENT_H 1
| #define STDC_HEADERS 1
| #define HAVE_SYS_WAIT_H 1
| #define HAVE_TERMIOS_H 1
| #define HAVE_FLOAT_H 1
| #define HAVE_SYS_SELECT_H 1
| #define HAVE_LOCALE_H 1
| #define HAVE_STDINT_H 1
| #define HAVE_INTTYPES_H 1
| #define SIZEOF_LONG_LONG 8
| #define HAVE_STRCASECMP 1
| #define HAVE_STRCASESTR 1
| #define HAVE_STRCHR 1
| #define HAVE_MEMCPY 1
| #define HAVE_STRERROR 1
| #define HAVE_BCOPY 1
| #define HAVE_SETPGRP 1
| #define HAVE_CHDIR 1
| #define HAVE_GETCWD 1
| #define HAVE_GETWD 1
| #define HAVE_READLINK 1
| #define HAVE_SETENV 1
| #define HAVE_PUTENV 1
| #define HAVE_STRTOLL 1
| /* end confdefs.h.  */
| /* Define stroq to an innocuous variant, in case <limits.h> declares stroq.
|    For example, HP-UX 11i <limits.h> declares gettimeofday.  */
| #define stroq innocuous_stroq
| 
| /* System header to define __stub macros and hopefully few prototypes,
|     which can conflict with char stroq (); below.
|     Prefer <limits.h> to <assert.h> if __STDC__ is defined, since
|     <limits.h> exists even on freestanding compilers.  */
| 
| #ifdef __STDC__
| # include <limits.h>
| #else
| # include <assert.h>
| #endif
| 
| #undef stroq
| 
| /* Override any GCC internal prototype to avoid an error.
|    Use char because int might match the return type of a GCC
|    builtin and then its argument prototype would still apply.  */
| #ifdef __cplusplus
| extern "C"
| #endif
| char stroq ();
| /* The GNU C library defines this for functions which it implements
|     to always fail with ENOSYS.  Some functions are actually named
|     something starting with __ and the normal name is an alias.  */
| #if defined __stub_stroq || defined __stub___stroq
| choke me
| #endif
| 
| int
| main ()
| {
| return stroq ();
|   ;
|   return 0;
| }
configure:8772: result: no
configure:8772: checking for atoll
configure:8772: gcc -o conftest -g -O2 -I$(srcdir)/libwc  -I/usr/local/opt/openssl/include -I/opt/X11/include -L/usr/local/opt/openssl/lib -L/opt/X11/lib -lX11 conftest.c  >&5
configure:8772: $? = 0
configure:8772: result: yes
configure:8772: checking for atoq
configure:8772: gcc -o conftest -g -O2 -I$(srcdir)/libwc  -I/usr/local/opt/openssl/include -I/opt/X11/include -L/usr/local/opt/openssl/lib -L/opt/X11/lib -lX11 conftest.c  >&5
Undefined symbols for architecture x86_64:
  "_atoq", referenced from:
      _main in conftest-c3217f.o
ld: symbol(s) not found for architecture x86_64
clang: error: linker command failed with exit code 1 (use -v to see invocation)
configure:8772: $? = 1
configure: failed program was:
| /* confdefs.h */
| #define PACKAGE_NAME "w3m"
| #define PACKAGE_TARNAME "w3m"
| #define PACKAGE_VERSION "0.5.3"
| #define PACKAGE_STRING "w3m 0.5.3"
| #define PACKAGE_BUGREPORT "satodai@w3m.jp"
| #define PACKAGE_URL ""
| #define PACKAGE "w3m"
| #define VERSION "0.5.3"
| #define W3M w3m
| #define W3M_TARGET 
| #define USE_M17N 1
| #define USE_UNICODE 1
| #define W3M_LANG EN
| #define WCTARGET "libwc/libwc.a"
| #define WCCFLAGS "-DUSE_UNICODE -I$(srcdir) -I$(srcdir)/.."
| #define DISPLAY_CHARSET WC_CES_UTF_8
| #define SYSTEM_CHARSET WC_CES_UTF_8
| #define DOCUMENT_CHARSET WC_CES_UTF_8
| #define HAVE_CFPREFERENCESCOPYAPPVALUE 1
| #define HAVE_CFLOCALECOPYCURRENT 1
| #define HAVE_ICONV 1
| #define USE_COLOR 1
| #define USE_ANSI_COLOR 1
| #define USE_BG_COLOR 1
| #define INSTALL_W3MIMGDISPLAY $INSTALL_W3MIMGDISPLAY
| #define USE_IMAGE 1
| #define USE_W3MIMG_X11 1
| #define USE_IMLIB2 1
| #define IMGTARGETS "$IMGTARGETS"
| #define IMGOBJS "$IMGOBJS"
| #define IMGX11CFLAGS "$IMGX11CFLAGS"
| #define IMGX11LDFLAGS "$IMGX11LDFLAGS"
| #define IMGFBCFLAGS "$IMGFBCFLAGS"
| #define IMGFBLDFLAGS "$IMGFBLDFLAGS"
| #define IMGLINK "$IMGLINK"
| #define IMGWINCFLAGS "$IMGWINCFLAGS"
| #define IMGWINLDFLAGS "$IMGWINLDFLAGS"
| #define USE_XFACE 1
| #define HELP_FILE "w3mhelp-w3m_en.html"
| #define KEYBIND w3m
| #define USE_MENU 1
| #define USE_MOUSE 1
| #define USE_HISTORY 1
| #define USE_ALARM 1
| #define USE_COOKIE 1
| #define USE_NNTP 1
| #define USE_DICT 1
| #define USE_HELP_CGI 1
| #define USE_EXTERNAL_URI_LOADER 1
| #define USE_W3MMAILER 1
| #define DEF_MIGEMO_COMMAND "migemo -t egrep /usr/local/share/migemo/migemo-dict"
| #define DEF_EDITOR "/usr/bin/vi"
| #define DEF_MAILER "/usr/bin/mail"
| #define DEF_EXT_BROWSER "/usr/bin/mozilla"
| #define INET6 1
| #define USE_SSL 1
| #define USE_SSL_VERIFY 1
| #define USE_DIGEST_AUTH 1
| #define STDC_HEADERS 1
| #define HAVE_SYS_TYPES_H 1
| #define HAVE_SYS_STAT_H 1
| #define HAVE_STDLIB_H 1
| #define HAVE_STRING_H 1
| #define HAVE_MEMORY_H 1
| #define HAVE_STRINGS_H 1
| #define HAVE_INTTYPES_H 1
| #define HAVE_STDINT_H 1
| #define HAVE_UNISTD_H 1
| #define HAVE_SOCKLEN_T 1
| #define AUXBIN_TARGETS "$AUXBIN_TARGETS"
| #define HAVE_DIRENT_H 1
| #define STDC_HEADERS 1
| #define HAVE_SYS_WAIT_H 1
| #define HAVE_TERMIOS_H 1
| #define HAVE_FLOAT_H 1
| #define HAVE_SYS_SELECT_H 1
| #define HAVE_LOCALE_H 1
| #define HAVE_STDINT_H 1
| #define HAVE_INTTYPES_H 1
| #define SIZEOF_LONG_LONG 8
| #define HAVE_STRCASECMP 1
| #define HAVE_STRCASESTR 1
| #define HAVE_STRCHR 1
| #define HAVE_MEMCPY 1
| #define HAVE_STRERROR 1
| #define HAVE_BCOPY 1
| #define HAVE_SETPGRP 1
| #define HAVE_CHDIR 1
| #define HAVE_GETCWD 1
| #define HAVE_GETWD 1
| #define HAVE_READLINK 1
| #define HAVE_SETENV 1
| #define HAVE_PUTENV 1
| #define HAVE_STRTOLL 1
| #define HAVE_ATOLL 1
| /* end confdefs.h.  */
| /* Define atoq to an innocuous variant, in case <limits.h> declares atoq.
|    For example, HP-UX 11i <limits.h> declares gettimeofday.  */
| #define atoq innocuous_atoq
| 
| /* System header to define __stub macros and hopefully few prototypes,
|     which can conflict with char atoq (); below.
|     Prefer <limits.h> to <assert.h> if __STDC__ is defined, since
|     <limits.h> exists even on freestanding compilers.  */
| 
| #ifdef __STDC__
| # include <limits.h>
| #else
| # include <assert.h>
| #endif
| 
| #undef atoq
| 
| /* Override any GCC internal prototype to avoid an error.
|    Use char because int might match the return type of a GCC
|    builtin and then its argument prototype would still apply.  */
| #ifdef __cplusplus
| extern "C"
| #endif
| char atoq ();
| /* The GNU C library defines this for functions which it implements
|     to always fail with ENOSYS.  Some functions are actually named
|     something starting with __ and the normal name is an alias.  */
| #if defined __stub_atoq || defined __stub___atoq
| choke me
| #endif
| 
| int
| main ()
| {
| return atoq ();
|   ;
|   return 0;
| }
configure:8772: result: no
configure:8772: checking for symlink
configure:8772: gcc -o conftest -g -O2 -I$(srcdir)/libwc  -I/usr/local/opt/openssl/include -I/opt/X11/include -L/usr/local/opt/openssl/lib -L/opt/X11/lib -lX11 conftest.c  >&5
configure:8772: $? = 0
configure:8772: result: yes
configure:8772: checking for readlink
configure:8772: result: yes
configure:8772: checking for lstat
configure:8772: gcc -o conftest -g -O2 -I$(srcdir)/libwc  -I/usr/local/opt/openssl/include -I/opt/X11/include -L/usr/local/opt/openssl/lib -L/opt/X11/lib -lX11 conftest.c  >&5
configure:8772: $? = 0
configure:8772: result: yes
configure:8772: checking for srand48
configure:8772: gcc -o conftest -g -O2 -I$(srcdir)/libwc  -I/usr/local/opt/openssl/include -I/opt/X11/include -L/usr/local/opt/openssl/lib -L/opt/X11/lib -lX11 conftest.c  >&5
configure:8772: $? = 0
configure:8772: result: yes
configure:8772: checking for srandom
configure:8772: gcc -o conftest -g -O2 -I$(srcdir)/libwc  -I/usr/local/opt/openssl/include -I/opt/X11/include -L/usr/local/opt/openssl/lib -L/opt/X11/lib -lX11 conftest.c  >&5
configure:8772: $? = 0
configure:8772: result: yes
configure:8772: checking for getpassphrase
configure:8772: gcc -o conftest -g -O2 -I$(srcdir)/libwc  -I/usr/local/opt/openssl/include -I/opt/X11/include -L/usr/local/opt/openssl/lib -L/opt/X11/lib -lX11 conftest.c  >&5
Undefined symbols for architecture x86_64:
  "_getpassphrase", referenced from:
      _main in conftest-759c37.o
ld: symbol(s) not found for architecture x86_64
clang: error: linker command failed with exit code 1 (use -v to see invocation)
configure:8772: $? = 1
configure: failed program was:
| /* confdefs.h */
| #define PACKAGE_NAME "w3m"
| #define PACKAGE_TARNAME "w3m"
| #define PACKAGE_VERSION "0.5.3"
| #define PACKAGE_STRING "w3m 0.5.3"
| #define PACKAGE_BUGREPORT "satodai@w3m.jp"
| #define PACKAGE_URL ""
| #define PACKAGE "w3m"
| #define VERSION "0.5.3"
| #define W3M w3m
| #define W3M_TARGET 
| #define USE_M17N 1
| #define USE_UNICODE 1
| #define W3M_LANG EN
| #define WCTARGET "libwc/libwc.a"
| #define WCCFLAGS "-DUSE_UNICODE -I$(srcdir) -I$(srcdir)/.."
| #define DISPLAY_CHARSET WC_CES_UTF_8
| #define SYSTEM_CHARSET WC_CES_UTF_8
| #define DOCUMENT_CHARSET WC_CES_UTF_8
| #define HAVE_CFPREFERENCESCOPYAPPVALUE 1
| #define HAVE_CFLOCALECOPYCURRENT 1
| #define HAVE_ICONV 1
| #define USE_COLOR 1
| #define USE_ANSI_COLOR 1
| #define USE_BG_COLOR 1
| #define INSTALL_W3MIMGDISPLAY $INSTALL_W3MIMGDISPLAY
| #define USE_IMAGE 1
| #define USE_W3MIMG_X11 1
| #define USE_IMLIB2 1
| #define IMGTARGETS "$IMGTARGETS"
| #define IMGOBJS "$IMGOBJS"
| #define IMGX11CFLAGS "$IMGX11CFLAGS"
| #define IMGX11LDFLAGS "$IMGX11LDFLAGS"
| #define IMGFBCFLAGS "$IMGFBCFLAGS"
| #define IMGFBLDFLAGS "$IMGFBLDFLAGS"
| #define IMGLINK "$IMGLINK"
| #define IMGWINCFLAGS "$IMGWINCFLAGS"
| #define IMGWINLDFLAGS "$IMGWINLDFLAGS"
| #define USE_XFACE 1
| #define HELP_FILE "w3mhelp-w3m_en.html"
| #define KEYBIND w3m
| #define USE_MENU 1
| #define USE_MOUSE 1
| #define USE_HISTORY 1
| #define USE_ALARM 1
| #define USE_COOKIE 1
| #define USE_NNTP 1
| #define USE_DICT 1
| #define USE_HELP_CGI 1
| #define USE_EXTERNAL_URI_LOADER 1
| #define USE_W3MMAILER 1
| #define DEF_MIGEMO_COMMAND "migemo -t egrep /usr/local/share/migemo/migemo-dict"
| #define DEF_EDITOR "/usr/bin/vi"
| #define DEF_MAILER "/usr/bin/mail"
| #define DEF_EXT_BROWSER "/usr/bin/mozilla"
| #define INET6 1
| #define USE_SSL 1
| #define USE_SSL_VERIFY 1
| #define USE_DIGEST_AUTH 1
| #define STDC_HEADERS 1
| #define HAVE_SYS_TYPES_H 1
| #define HAVE_SYS_STAT_H 1
| #define HAVE_STDLIB_H 1
| #define HAVE_STRING_H 1
| #define HAVE_MEMORY_H 1
| #define HAVE_STRINGS_H 1
| #define HAVE_INTTYPES_H 1
| #define HAVE_STDINT_H 1
| #define HAVE_UNISTD_H 1
| #define HAVE_SOCKLEN_T 1
| #define AUXBIN_TARGETS "$AUXBIN_TARGETS"
| #define HAVE_DIRENT_H 1
| #define STDC_HEADERS 1
| #define HAVE_SYS_WAIT_H 1
| #define HAVE_TERMIOS_H 1
| #define HAVE_FLOAT_H 1
| #define HAVE_SYS_SELECT_H 1
| #define HAVE_LOCALE_H 1
| #define HAVE_STDINT_H 1
| #define HAVE_INTTYPES_H 1
| #define SIZEOF_LONG_LONG 8
| #define HAVE_STRCASECMP 1
| #define HAVE_STRCASESTR 1
| #define HAVE_STRCHR 1
| #define HAVE_MEMCPY 1
| #define HAVE_STRERROR 1
| #define HAVE_BCOPY 1
| #define HAVE_SETPGRP 1
| #define HAVE_CHDIR 1
| #define HAVE_GETCWD 1
| #define HAVE_GETWD 1
| #define HAVE_READLINK 1
| #define HAVE_SETENV 1
| #define HAVE_PUTENV 1
| #define HAVE_STRTOLL 1
| #define HAVE_ATOLL 1
| #define HAVE_SYMLINK 1
| #define HAVE_READLINK 1
| #define HAVE_LSTAT 1
| #define HAVE_SRAND48 1
| #define HAVE_SRANDOM 1
| /* end confdefs.h.  */
| /* Define getpassphrase to an innocuous variant, in case <limits.h> declares getpassphrase.
|    For example, HP-UX 11i <limits.h> declares gettimeofday.  */
| #define getpassphrase innocuous_getpassphrase
| 
| /* System header to define __stub macros and hopefully few prototypes,
|     which can conflict with char getpassphrase (); below.
|     Prefer <limits.h> to <assert.h> if __STDC__ is defined, since
|     <limits.h> exists even on freestanding compilers.  */
| 
| #ifdef __STDC__
| # include <limits.h>
| #else
| # include <assert.h>
| #endif
| 
| #undef getpassphrase
| 
| /* Override any GCC internal prototype to avoid an error.
|    Use char because int might match the return type of a GCC
|    builtin and then its argument prototype would still apply.  */
| #ifdef __cplusplus
| extern "C"
| #endif
| char getpassphrase ();
| /* The GNU C library defines this for functions which it implements
|     to always fail with ENOSYS.  Some functions are actually named
|     something starting with __ and the normal name is an alias.  */
| #if defined __stub_getpassphrase || defined __stub___getpassphrase
| choke me
| #endif
| 
| int
| main ()
| {
| return getpassphrase ();
|   ;
|   return 0;
| }
configure:8772: result: no
configure:8772: checking for waitpid
configure:8772: gcc -o conftest -g -O2 -I$(srcdir)/libwc  -I/usr/local/opt/openssl/include -I/opt/X11/include -L/usr/local/opt/openssl/lib -L/opt/X11/lib -lX11 conftest.c  >&5
configure:8772: $? = 0
configure:8772: result: yes
configure:8772: checking for setlocale
configure:8772: gcc -o conftest -g -O2 -I$(srcdir)/libwc  -I/usr/local/opt/openssl/include -I/opt/X11/include -L/usr/local/opt/openssl/lib -L/opt/X11/lib -lX11 conftest.c  >&5
configure:8772: $? = 0
configure:8772: result: yes
configure:8783: checking for strftime
configure:8783: gcc -o conftest -g -O2 -I$(srcdir)/libwc  -I/usr/local/opt/openssl/include -I/opt/X11/include -L/usr/local/opt/openssl/lib -L/opt/X11/lib -lX11 conftest.c  >&5
configure:8783: $? = 0
configure:8783: result: yes
configure:8836: checking for wait3 that fills in rusage
configure:8882: gcc -o conftest -g -O2 -I$(srcdir)/libwc  -I/usr/local/opt/openssl/include -I/opt/X11/include -L/usr/local/opt/openssl/lib -L/opt/X11/lib -lX11 conftest.c  >&5
configure:8882: $? = 0
configure:8882: ./conftest
configure:8882: $? = 0
configure:8892: result: yes
configure:8900: checking whether setpgrp takes no argument
configure:8922: gcc -o conftest -g -O2 -I$(srcdir)/libwc  -I/usr/local/opt/openssl/include -I/opt/X11/include -L/usr/local/opt/openssl/lib -L/opt/X11/lib -lX11 conftest.c  >&5
conftest.c:146:19: error: too many arguments to function call, expected 0, have 2
  return setpgrp (1,1) != -1;
         ~~~~~~~  ^~~
/usr/include/unistd.h:591:1: note: 'setpgrp' declared here
pid_t    setpgrp(void) __DARWIN_ALIAS(setpgrp);
^
1 error generated.
configure:8922: $? = 1
configure: program exited with status 1
configure: failed program was:
| /* confdefs.h */
| #define PACKAGE_NAME "w3m"
| #define PACKAGE_TARNAME "w3m"
| #define PACKAGE_VERSION "0.5.3"
| #define PACKAGE_STRING "w3m 0.5.3"
| #define PACKAGE_BUGREPORT "satodai@w3m.jp"
| #define PACKAGE_URL ""
| #define PACKAGE "w3m"
| #define VERSION "0.5.3"
| #define W3M w3m
| #define W3M_TARGET 
| #define USE_M17N 1
| #define USE_UNICODE 1
| #define W3M_LANG EN
| #define WCTARGET "libwc/libwc.a"
| #define WCCFLAGS "-DUSE_UNICODE -I$(srcdir) -I$(srcdir)/.."
| #define DISPLAY_CHARSET WC_CES_UTF_8
| #define SYSTEM_CHARSET WC_CES_UTF_8
| #define DOCUMENT_CHARSET WC_CES_UTF_8
| #define HAVE_CFPREFERENCESCOPYAPPVALUE 1
| #define HAVE_CFLOCALECOPYCURRENT 1
| #define HAVE_ICONV 1
| #define USE_COLOR 1
| #define USE_ANSI_COLOR 1
| #define USE_BG_COLOR 1
| #define INSTALL_W3MIMGDISPLAY $INSTALL_W3MIMGDISPLAY
| #define USE_IMAGE 1
| #define USE_W3MIMG_X11 1
| #define USE_IMLIB2 1
| #define IMGTARGETS "$IMGTARGETS"
| #define IMGOBJS "$IMGOBJS"
| #define IMGX11CFLAGS "$IMGX11CFLAGS"
| #define IMGX11LDFLAGS "$IMGX11LDFLAGS"
| #define IMGFBCFLAGS "$IMGFBCFLAGS"
| #define IMGFBLDFLAGS "$IMGFBLDFLAGS"
| #define IMGLINK "$IMGLINK"
| #define IMGWINCFLAGS "$IMGWINCFLAGS"
| #define IMGWINLDFLAGS "$IMGWINLDFLAGS"
| #define USE_XFACE 1
| #define HELP_FILE "w3mhelp-w3m_en.html"
| #define KEYBIND w3m
| #define USE_MENU 1
| #define USE_MOUSE 1
| #define USE_HISTORY 1
| #define USE_ALARM 1
| #define USE_COOKIE 1
| #define USE_NNTP 1
| #define USE_DICT 1
| #define USE_HELP_CGI 1
| #define USE_EXTERNAL_URI_LOADER 1
| #define USE_W3MMAILER 1
| #define DEF_MIGEMO_COMMAND "migemo -t egrep /usr/local/share/migemo/migemo-dict"
| #define DEF_EDITOR "/usr/bin/vi"
| #define DEF_MAILER "/usr/bin/mail"
| #define DEF_EXT_BROWSER "/usr/bin/mozilla"
| #define INET6 1
| #define USE_SSL 1
| #define USE_SSL_VERIFY 1
| #define USE_DIGEST_AUTH 1
| #define STDC_HEADERS 1
| #define HAVE_SYS_TYPES_H 1
| #define HAVE_SYS_STAT_H 1
| #define HAVE_STDLIB_H 1
| #define HAVE_STRING_H 1
| #define HAVE_MEMORY_H 1
| #define HAVE_STRINGS_H 1
| #define HAVE_INTTYPES_H 1
| #define HAVE_STDINT_H 1
| #define HAVE_UNISTD_H 1
| #define HAVE_SOCKLEN_T 1
| #define AUXBIN_TARGETS "$AUXBIN_TARGETS"
| #define HAVE_DIRENT_H 1
| #define STDC_HEADERS 1
| #define HAVE_SYS_WAIT_H 1
| #define HAVE_TERMIOS_H 1
| #define HAVE_FLOAT_H 1
| #define HAVE_SYS_SELECT_H 1
| #define HAVE_LOCALE_H 1
| #define HAVE_STDINT_H 1
| #define HAVE_INTTYPES_H 1
| #define SIZEOF_LONG_LONG 8
| #define HAVE_STRCASECMP 1
| #define HAVE_STRCASESTR 1
| #define HAVE_STRCHR 1
| #define HAVE_MEMCPY 1
| #define HAVE_STRERROR 1
| #define HAVE_BCOPY 1
| #define HAVE_SETPGRP 1
| #define HAVE_CHDIR 1
| #define HAVE_GETCWD 1
| #define HAVE_GETWD 1
| #define HAVE_READLINK 1
| #define HAVE_SETENV 1
| #define HAVE_PUTENV 1
| #define HAVE_STRTOLL 1
| #define HAVE_ATOLL 1
| #define HAVE_SYMLINK 1
| #define HAVE_READLINK 1
| #define HAVE_LSTAT 1
| #define HAVE_SRAND48 1
| #define HAVE_SRANDOM 1
| #define HAVE_WAITPID 1
| #define HAVE_SETLOCALE 1
| #define HAVE_STRFTIME 1
| #define HAVE_WAIT3 1
| /* end confdefs.h.  */
| #include <stdio.h>
| #ifdef HAVE_SYS_TYPES_H
| # include <sys/types.h>
| #endif
| #ifdef HAVE_SYS_STAT_H
| # include <sys/stat.h>
| #endif
| #ifdef STDC_HEADERS
| # include <stdlib.h>
| # include <stddef.h>
| #else
| # ifdef HAVE_STDLIB_H
| #  include <stdlib.h>
| # endif
| #endif
| #ifdef HAVE_STRING_H
| # if !defined STDC_HEADERS && defined HAVE_MEMORY_H
| #  include <memory.h>
| # endif
| # include <string.h>
| #endif
| #ifdef HAVE_STRINGS_H
| # include <strings.h>
| #endif
| #ifdef HAVE_INTTYPES_H
| # include <inttypes.h>
| #endif
| #ifdef HAVE_STDINT_H
| # include <stdint.h>
| #endif
| #ifdef HAVE_UNISTD_H
| # include <unistd.h>
| #endif
| int
| main ()
| {
| /* If this system has a BSD-style setpgrp which takes arguments,
|   setpgrp(1, 1) will fail with ESRCH and return -1, in that case
|   exit successfully. */
|   return setpgrp (1,1) != -1;
|   ;
|   return 0;
| }
configure:8932: result: yes
configure:8945: checking for nl_langinfo and CODESET
configure:8961: gcc -o conftest -g -O2 -I$(srcdir)/libwc  -I/usr/local/opt/openssl/include -I/opt/X11/include -L/usr/local/opt/openssl/lib -L/opt/X11/lib -lX11 conftest.c  >&5
configure:8961: $? = 0
configure:8970: result: yes
configure:8981: checking for sys_errlist
configure:8994: gcc -c -g -O2 -I$(srcdir)/libwc  -I/usr/local/opt/openssl/include -I/opt/X11/include conftest.c >&5
conftest.c:113:1: warning: implicitly declaring library function 'printf' with type 'int (const char *, ...)' [-Wimplicit-function-declaration]
printf(sys_errlist[0]);
^
conftest.c:113:1: note: include the header <stdio.h> or explicitly provide a declaration for 'printf'
conftest.c:113:8: warning: format string is not a string literal (potentially insecure) [-Wformat-security]
printf(sys_errlist[0]);
       ^~~~~~~~~~~~~~
conftest.c:113:8: note: treat the string as an argument to avoid this
printf(sys_errlist[0]);
       ^
       "%s", 
2 warnings generated.
configure:8994: $? = 0
configure:9001: result: yes
configure:9004: checking for sigsetjmp
configure:9018: gcc -c -g -O2 -I$(srcdir)/libwc  -I/usr/local/opt/openssl/include -I/opt/X11/include conftest.c >&5
conftest.c:115:34: warning: implicitly declaring library function 'exit' with type 'void (int) __attribute__((noreturn))' [-Wimplicit-function-declaration]
   if (sigsetjmp(env, 1) != 0) { exit(0); } siglongjmp(env, 1);
                                 ^
conftest.c:115:34: note: include the header <stdlib.h> or explicitly provide a declaration for 'exit'
1 warning generated.
configure:9018: $? = 0
configure:9025: result: yes
configure:9027: checking return type of signal handlers
configure:9045: gcc -c -g -O2 -I$(srcdir)/libwc  -I/usr/local/opt/openssl/include -I/opt/X11/include conftest.c >&5
conftest.c:117:8: error: indirection requires pointer operand ('void' invalid)
return *(signal (0, 0)) (0) == 1;
       ^~~~~~~~~~~~~~~~~~~~
1 error generated.
configure:9045: $? = 1
configure: failed program was:
| /* confdefs.h */
| #define PACKAGE_NAME "w3m"
| #define PACKAGE_TARNAME "w3m"
| #define PACKAGE_VERSION "0.5.3"
| #define PACKAGE_STRING "w3m 0.5.3"
| #define PACKAGE_BUGREPORT "satodai@w3m.jp"
| #define PACKAGE_URL ""
| #define PACKAGE "w3m"
| #define VERSION "0.5.3"
| #define W3M w3m
| #define W3M_TARGET 
| #define USE_M17N 1
| #define USE_UNICODE 1
| #define W3M_LANG EN
| #define WCTARGET "libwc/libwc.a"
| #define WCCFLAGS "-DUSE_UNICODE -I$(srcdir) -I$(srcdir)/.."
| #define DISPLAY_CHARSET WC_CES_UTF_8
| #define SYSTEM_CHARSET WC_CES_UTF_8
| #define DOCUMENT_CHARSET WC_CES_UTF_8
| #define HAVE_CFPREFERENCESCOPYAPPVALUE 1
| #define HAVE_CFLOCALECOPYCURRENT 1
| #define HAVE_ICONV 1
| #define USE_COLOR 1
| #define USE_ANSI_COLOR 1
| #define USE_BG_COLOR 1
| #define INSTALL_W3MIMGDISPLAY $INSTALL_W3MIMGDISPLAY
| #define USE_IMAGE 1
| #define USE_W3MIMG_X11 1
| #define USE_IMLIB2 1
| #define IMGTARGETS "$IMGTARGETS"
| #define IMGOBJS "$IMGOBJS"
| #define IMGX11CFLAGS "$IMGX11CFLAGS"
| #define IMGX11LDFLAGS "$IMGX11LDFLAGS"
| #define IMGFBCFLAGS "$IMGFBCFLAGS"
| #define IMGFBLDFLAGS "$IMGFBLDFLAGS"
| #define IMGLINK "$IMGLINK"
| #define IMGWINCFLAGS "$IMGWINCFLAGS"
| #define IMGWINLDFLAGS "$IMGWINLDFLAGS"
| #define USE_XFACE 1
| #define HELP_FILE "w3mhelp-w3m_en.html"
| #define KEYBIND w3m
| #define USE_MENU 1
| #define USE_MOUSE 1
| #define USE_HISTORY 1
| #define USE_ALARM 1
| #define USE_COOKIE 1
| #define USE_NNTP 1
| #define USE_DICT 1
| #define USE_HELP_CGI 1
| #define USE_EXTERNAL_URI_LOADER 1
| #define USE_W3MMAILER 1
| #define DEF_MIGEMO_COMMAND "migemo -t egrep /usr/local/share/migemo/migemo-dict"
| #define DEF_EDITOR "/usr/bin/vi"
| #define DEF_MAILER "/usr/bin/mail"
| #define DEF_EXT_BROWSER "/usr/bin/mozilla"
| #define INET6 1
| #define USE_SSL 1
| #define USE_SSL_VERIFY 1
| #define USE_DIGEST_AUTH 1
| #define STDC_HEADERS 1
| #define HAVE_SYS_TYPES_H 1
| #define HAVE_SYS_STAT_H 1
| #define HAVE_STDLIB_H 1
| #define HAVE_STRING_H 1
| #define HAVE_MEMORY_H 1
| #define HAVE_STRINGS_H 1
| #define HAVE_INTTYPES_H 1
| #define HAVE_STDINT_H 1
| #define HAVE_UNISTD_H 1
| #define HAVE_SOCKLEN_T 1
| #define AUXBIN_TARGETS "$AUXBIN_TARGETS"
| #define HAVE_DIRENT_H 1
| #define STDC_HEADERS 1
| #define HAVE_SYS_WAIT_H 1
| #define HAVE_TERMIOS_H 1
| #define HAVE_FLOAT_H 1
| #define HAVE_SYS_SELECT_H 1
| #define HAVE_LOCALE_H 1
| #define HAVE_STDINT_H 1
| #define HAVE_INTTYPES_H 1
| #define SIZEOF_LONG_LONG 8
| #define HAVE_STRCASECMP 1
| #define HAVE_STRCASESTR 1
| #define HAVE_STRCHR 1
| #define HAVE_MEMCPY 1
| #define HAVE_STRERROR 1
| #define HAVE_BCOPY 1
| #define HAVE_SETPGRP 1
| #define HAVE_CHDIR 1
| #define HAVE_GETCWD 1
| #define HAVE_GETWD 1
| #define HAVE_READLINK 1
| #define HAVE_SETENV 1
| #define HAVE_PUTENV 1
| #define HAVE_STRTOLL 1
| #define HAVE_ATOLL 1
| #define HAVE_SYMLINK 1
| #define HAVE_READLINK 1
| #define HAVE_LSTAT 1
| #define HAVE_SRAND48 1
| #define HAVE_SRANDOM 1
| #define HAVE_WAITPID 1
| #define HAVE_SETLOCALE 1
| #define HAVE_STRFTIME 1
| #define HAVE_WAIT3 1
| #define SETPGRP_VOID 1
| #define HAVE_LANGINFO_CODESET 1
| #define HAVE_SYS_ERRLIST 1
| #define HAVE_SIGSETJMP 1
| /* end confdefs.h.  */
| #include <sys/types.h>
| #include <signal.h>
| 
| int
| main ()
| {
| return *(signal (0, 0)) (0) == 1;
|   ;
|   return 0;
| }
configure:9052: result: void
configure:9194: creating ./config.status

## ---------------------- ##
## Running config.status. ##
## ---------------------- ##

This file was extended by w3m config.status 0.5.3, which was
generated by GNU Autoconf 2.67.  Invocation command line was

  CONFIG_FILES    = 
  CONFIG_HEADERS  = 
  CONFIG_LINKS    = 
  CONFIG_COMMANDS = 
  $ ./config.status 

on machp.local

config.status:1068: creating Makefile
config.status:1068: creating posubst
config.status:1068: creating po/Makefile.in
config.status:1068: creating scripts/Makefile
config.status:1068: creating scripts/dirlist.cgi
config.status:1068: creating scripts/w3mhelp.cgi
config.status:1068: creating scripts/w3mmail.cgi
config.status:1068: creating scripts/xface2xpm
config.status:1068: creating scripts/multipart/Makefile
config.status:1068: creating scripts/multipart/multipart.cgi
config.status:1068: creating scripts/w3mman/Makefile
config.status:1068: creating scripts/w3mman/w3mman
config.status:1068: creating scripts/w3mman/w3mman.1
config.status:1068: creating scripts/w3mman/w3mman2html.cgi
config.status:1068: creating libwc/Makefile
config.status:1068: creating w3mimg/Makefile
config.status:1068: creating w3mimg/fb/Makefile
config.status:1068: creating w3mimg/x11/Makefile
config.status:1068: creating w3mimg/win/Makefile
config.status:1068: creating w3mhelp-w3m_en.html
config.status:1068: creating w3mhelp-w3m_ja.html
config.status:1068: creating w3mhelp-lynx_en.html
config.status:1068: creating w3mhelp-lynx_ja.html
config.status:1068: creating config.h
config.status:1248: config.h is unchanged
config.status:1262: executing po-directories commands

## ---------------- ##
## Cache variables. ##
## ---------------- ##

ac_cv_build=i686-apple-darwin17.4.0
ac_cv_c_compiler_gnu=yes
ac_cv_cxx_compiler_gnu=yes
ac_cv_env_CCC_set=
ac_cv_env_CCC_value=
ac_cv_env_CC_set=
ac_cv_env_CC_value=
ac_cv_env_CFLAGS_set=
ac_cv_env_CFLAGS_value=
ac_cv_env_CPPFLAGS_set=set
ac_cv_env_CPPFLAGS_value='-I/usr/local/opt/openssl/include -I/opt/X11/include'
ac_cv_env_CPP_set=
ac_cv_env_CPP_value=
ac_cv_env_CXXFLAGS_set=
ac_cv_env_CXXFLAGS_value=
ac_cv_env_CXX_set=
ac_cv_env_CXX_value=
ac_cv_env_LDFLAGS_set=set
ac_cv_env_LDFLAGS_value='-L/usr/local/opt/openssl/lib -L/opt/X11/lib -lX11'
ac_cv_env_LIBS_set=
ac_cv_env_LIBS_value=
ac_cv_env_PKG_CONFIG_LIBDIR_set=
ac_cv_env_PKG_CONFIG_LIBDIR_value=
ac_cv_env_PKG_CONFIG_PATH_set=
ac_cv_env_PKG_CONFIG_PATH_value=
ac_cv_env_PKG_CONFIG_set=
ac_cv_env_PKG_CONFIG_value=
ac_cv_env_SSL_CFLAGS_set=
ac_cv_env_SSL_CFLAGS_value=
ac_cv_env_SSL_LIBS_set=
ac_cv_env_SSL_LIBS_value=
ac_cv_env_build_alias_set=
ac_cv_env_build_alias_value=
ac_cv_env_host_alias_set=
ac_cv_env_host_alias_value=
ac_cv_env_target_alias_set=
ac_cv_env_target_alias_value=
ac_cv_func_atoll=yes
ac_cv_func_atoq=no
ac_cv_func_bcopy=yes
ac_cv_func_chdir=yes
ac_cv_func_getaddrinfo=yes
ac_cv_func_getcwd=yes
ac_cv_func_getpassphrase=no
ac_cv_func_getwd=yes
ac_cv_func_lstat=yes
ac_cv_func_memcpy=yes
ac_cv_func_putenv=yes
ac_cv_func_readlink=yes
ac_cv_func_setenv=yes
ac_cv_func_setlocale=yes
ac_cv_func_setpgrp=yes
ac_cv_func_setpgrp_void=yes
ac_cv_func_sqrt=yes
ac_cv_func_srand48=yes
ac_cv_func_srandom=yes
ac_cv_func_strcasecmp=yes
ac_cv_func_strcasestr=yes
ac_cv_func_strchr=yes
ac_cv_func_strerror=yes
ac_cv_func_strftime=yes
ac_cv_func_stroq=no
ac_cv_func_strtoll=yes
ac_cv_func_symlink=yes
ac_cv_func_wait3_rusage=yes
ac_cv_func_waitpid=yes
ac_cv_header_dirent_dirent_h=yes
ac_cv_header_float_h=yes
ac_cv_header_gc_h=yes
ac_cv_header_inttypes_h=yes
ac_cv_header_locale_h=yes
ac_cv_header_memory_h=yes
ac_cv_header_stdc=yes
ac_cv_header_stdint_h=yes
ac_cv_header_stdlib_h=yes
ac_cv_header_string_h=yes
ac_cv_header_strings_h=yes
ac_cv_header_sys_select_h=yes
ac_cv_header_sys_stat_h=yes
ac_cv_header_sys_types_h=yes
ac_cv_header_sys_wait_h=yes
ac_cv_header_termios_h=yes
ac_cv_header_unistd_h=yes
ac_cv_host=i686-apple-darwin17.4.0
ac_cv_lib_gc_GC_init=yes
ac_cv_lib_gpm_Gpm_Open=no
ac_cv_lib_mytinfo___tgetent=no
ac_cv_lib_ssl_SSL_new=yes
ac_cv_lib_termcap___tgetent=yes
ac_cv_lib_terminfo___tgetent=no
ac_cv_lib_termlib___tgetent=no
ac_cv_lib_z_zError=yes
ac_cv_objext=o
ac_cv_path_EGREP='/usr/bin/grep -E'
ac_cv_path_GMSGFMT=:
ac_cv_path_GREP=/usr/bin/grep
ac_cv_path_MAN=/usr/bin/man
ac_cv_path_MSGFMT=:
ac_cv_path_MSGMERGE=:
ac_cv_path_PERL=/usr/bin/perl
ac_cv_path_XGETTEXT=:
ac_cv_path_install='/usr/local/opt/coreutils/libexec/gnubin/install -c'
ac_cv_path_mkdir=/usr/local/opt/coreutils/libexec/gnubin/mkdir
ac_cv_prog_AWK=awk
ac_cv_prog_CPP='gcc -E'
ac_cv_prog_ac_ct_CC=gcc
ac_cv_prog_ac_ct_CXX=g++
ac_cv_prog_ac_ct_RANLIB=ranlib
ac_cv_prog_cc_c89=
ac_cv_prog_cc_g=yes
ac_cv_prog_cxx_g=yes
ac_cv_prog_make_make_set=yes
ac_cv_prog_uncompface=no
ac_cv_search_opendir='none required'
ac_cv_sizeof_long_long=8
ac_cv_type_signal=void
ac_cv_type_socklen_t=yes
acl_cv_hardcode_direct=no
acl_cv_hardcode_libdir_flag_spec=
acl_cv_hardcode_libdir_separator=
acl_cv_hardcode_minus_L=no
acl_cv_libext=a
acl_cv_libname_spec='lib$name'
acl_cv_library_names_spec='$libname$shrext'
acl_cv_path_LD=/Library/Developer/CommandLineTools/usr/bin/ld
acl_cv_prog_gnu_ld=no
acl_cv_rpath=done
acl_cv_shlibext=dylib
acl_cv_wl=-Wl,
am_cv_func_iconv=yes
am_cv_func_iconv_works=yes
am_cv_langinfo_codeset=yes
am_cv_lib_iconv=yes
gt_cv_func_CFLocaleCopyCurrent=yes
gt_cv_func_CFPreferencesCopyAppValue=yes
gt_cv_func_gnugettext1_libc=no
gt_cv_func_gnugettext1_libintl=no

## ----------------- ##
## Output variables. ##
## ----------------- ##

AUXBIN_TARGETS=' w3mimgdisplay$(EXT) inflate$(EXT)'
AWK='awk'
CC='gcc'
CFLAGS='-g -O2 -I$(srcdir)/libwc '
CPP='gcc -E'
CPPFLAGS='-I/usr/local/opt/openssl/include -I/opt/X11/include'
CURRENT_VERSION='0.5.3'
CXX='g++'
CXXFLAGS='-g -O2'
DEFS='-DHAVE_CONFIG_H'
DEF_EDITOR=''
DEF_EXT_BROWSER=''
DEF_MAILER=''
DEF_MIGEMO_COMMAND=''
DISPLAY_CHARSET=''
DOCDIRS='doc:en_English doc-jp:ja_Japanese'
DOCUMENT_CHARSET=''
ECHO_C='\c'
ECHO_N=''
ECHO_T=''
EGREP='/usr/bin/grep -E'
EXEEXT=''
GETTEXT_MACRO_VERSION='0.18'
GMSGFMT=':'
GMSGFMT_015=':'
GREP='/usr/bin/grep'
HAVE_OLD_SS_FAMILY=''
HAVE_SIGSETJMP=''
HAVE_SYS_ERRLIST=''
HELP_DIR='${datarootdir}/w3m'
HELP_FILE='w3mhelp-w3m_en.html'
IMGFBCFLAGS=''
IMGFBLDFLAGS=''
IMGLINK='$(CC)'
IMGOBJS='w3mimg.o x11/x11_w3mimg.o'
IMGTARGETS='x11'
IMGWINCFLAGS=''
IMGWINLDFLAGS=''
IMGX11CFLAGS='-I/usr/local/Cellar/imlib2/1.5.1/include'
IMGX11LDFLAGS='-L/usr/local/Cellar/imlib2/1.5.1/lib -lImlib2'
INET6=''
INSTALL_DATA='${INSTALL} -m 644'
INSTALL_PROGRAM='${INSTALL}'
INSTALL_SCRIPT='${INSTALL}'
INSTALL_W3MIMGDISPLAY='${INSTALL_PROGRAM}'
INTLLIBS=''
INTLTARGET=''
INTL_MACOSX_LIBS='-Wl,-framework -Wl,CoreFoundation'
KEYBIND=''
KEYMAP_FILE='keybind'
LDFLAGS='-L/usr/local/opt/openssl/lib -L/opt/X11/lib -lX11'
LIBGC='-lgc'
LIBICONV='-liconv'
LIBINTL=''
LIBOBJS=''
LIBS=''
LN_S='ln -s'
LTLIBICONV='-liconv'
LTLIBINTL=''
LTLIBOBJS=''
MAN='/usr/bin/man'
MKDIR_P='/usr/local/opt/coreutils/libexec/gnubin/mkdir -p'
MSGFMT=':'
MSGFMT_015=':'
MSGMERGE=':'
NKF='/usr/local/bin/nkf'
NLSTARGET=''
OBJEXT='o'
PACKAGE='w3m'
PACKAGE_BUGREPORT='satodai@w3m.jp'
PACKAGE_NAME='w3m'
PACKAGE_STRING='w3m 0.5.3'
PACKAGE_TARNAME='w3m'
PACKAGE_URL=''
PACKAGE_VERSION='0.5.3'
PATH_SEPARATOR=':'
PERL='/usr/bin/perl'
PKG_CONFIG=''
PKG_CONFIG_LIBDIR=''
PKG_CONFIG_PATH=''
POLANG=''
POSUB=''
POSUBST=''
RANLIB='ranlib'
RC_DIR='~/.w3m'
RETSIGTYPE=''
SET_MAKE=''
SHELL='/bin/sh'
SIGNAL_RETURN=''
SSL_CFLAGS=''
SSL_LIBS=''
SYSTEM_CHARSET=''
USE_ALARM=''
USE_ANSI_COLOR=''
USE_BG_COLOR=''
USE_BINMODE_STREAM=''
USE_COLOR=''
USE_COOKIE=''
USE_DICT=''
USE_DIGEST_AUTH=''
USE_EXTERNAL_URI_LOADER=''
USE_GDKPIXBUF=''
USE_GOPHER=''
USE_GTK2=''
USE_HELP_CGI=''
USE_HISTORY=''
USE_IMAGE=''
USE_IMLIB2=''
USE_IMLIB=''
USE_M17N=''
USE_MENU=''
USE_MIGEMO=''
USE_MOUSE=''
USE_NLS='no'
USE_NNTP=''
USE_SSL=''
USE_SSL_VERIFY=''
USE_SYSMOUSE=''
USE_UNICODE=''
USE_W3M=''
USE_W3MIMG_FB=''
USE_W3MIMG_WIN=''
USE_W3MIMG_X11=''
USE_W3MMAILER=''
USE_XFACE=''
VERSION='0.5.3'
W3M='w3m'
W3MIMGDISPLAY_SETUID=''
W3M_LANG='EN'
W3M_LIBS=' -L./libwc -lwc  -lssl -lcrypto -ltermcap'
W3M_TARGET=''
WCCFLAGS='-DUSE_UNICODE -I$(srcdir) -I$(srcdir)/..'
WCTARGET='libwc/libwc.a'
XGETTEXT=':'
XGETTEXT_015=':'
XGETTEXT_EXTRA_OPTIONS=''
ac_ct_CC='gcc'
ac_ct_CXX='g++'
bindir='${exec_prefix}/bin'
build='i686-apple-darwin17.4.0'
build_alias=''
build_cpu='i686'
build_os='darwin17.4.0'
build_vendor='apple'
datadir='${datarootdir}'
datarootdir='${prefix}/share'
docdir='${datarootdir}/doc/${PACKAGE_TARNAME}'
dvidir='${docdir}'
exec_prefix='${prefix}'
host='i686-apple-darwin17.4.0'
host_alias=''
host_cpu='i686'
host_os='darwin17.4.0'
host_vendor='apple'
htmldir='${docdir}'
includedir='${prefix}/include'
infodir='${datarootdir}/info'
libdir='${exec_prefix}/lib'
libexecdir='${exec_prefix}/libexec'
localedir='${datarootdir}/locale'
localstatedir='${prefix}/var'
mandir='${datarootdir}/man'
mkdir_p='/usr/local/opt/coreutils/libexec/gnubin/mkdir -p'
oldincludedir='/usr/include'
pdfdir='${docdir}'
prefix='/Users/kazu/w3m'
program_transform_name='s,x,x,'
psdir='${docdir}'
sbindir='${exec_prefix}/sbin'
sharedstatedir='${prefix}/com'
sysconfdir='${prefix}/etc'
target_alias=''
uncompface='no'

## ----------- ##
## confdefs.h. ##
## ----------- ##

/* confdefs.h */
#define PACKAGE_NAME "w3m"
#define PACKAGE_TARNAME "w3m"
#define PACKAGE_VERSION "0.5.3"
#define PACKAGE_STRING "w3m 0.5.3"
#define PACKAGE_BUGREPORT "satodai@w3m.jp"
#define PACKAGE_URL ""
#define PACKAGE "w3m"
#define VERSION "0.5.3"
#define W3M w3m
#define W3M_TARGET 
#define USE_M17N 1
#define USE_UNICODE 1
#define W3M_LANG EN
#define WCTARGET "libwc/libwc.a"
#define WCCFLAGS "-DUSE_UNICODE -I$(srcdir) -I$(srcdir)/.."
#define DISPLAY_CHARSET WC_CES_UTF_8
#define SYSTEM_CHARSET WC_CES_UTF_8
#define DOCUMENT_CHARSET WC_CES_UTF_8
#define HAVE_CFPREFERENCESCOPYAPPVALUE 1
#define HAVE_CFLOCALECOPYCURRENT 1
#define HAVE_ICONV 1
#define USE_COLOR 1
#define USE_ANSI_COLOR 1
#define USE_BG_COLOR 1
#define INSTALL_W3MIMGDISPLAY $INSTALL_W3MIMGDISPLAY
#define USE_IMAGE 1
#define USE_W3MIMG_X11 1
#define USE_IMLIB2 1
#define IMGTARGETS "$IMGTARGETS"
#define IMGOBJS "$IMGOBJS"
#define IMGX11CFLAGS "$IMGX11CFLAGS"
#define IMGX11LDFLAGS "$IMGX11LDFLAGS"
#define IMGFBCFLAGS "$IMGFBCFLAGS"
#define IMGFBLDFLAGS "$IMGFBLDFLAGS"
#define IMGLINK "$IMGLINK"
#define IMGWINCFLAGS "$IMGWINCFLAGS"
#define IMGWINLDFLAGS "$IMGWINLDFLAGS"
#define USE_XFACE 1
#define HELP_FILE "w3mhelp-w3m_en.html"
#define KEYBIND w3m
#define USE_MENU 1
#define USE_MOUSE 1
#define USE_HISTORY 1
#define USE_ALARM 1
#define USE_COOKIE 1
#define USE_NNTP 1
#define USE_DICT 1
#define USE_HELP_CGI 1
#define USE_EXTERNAL_URI_LOADER 1
#define USE_W3MMAILER 1
#define DEF_MIGEMO_COMMAND "migemo -t egrep /usr/local/share/migemo/migemo-dict"
#define DEF_EDITOR "/usr/bin/vi"
#define DEF_MAILER "/usr/bin/mail"
#define DEF_EXT_BROWSER "/usr/bin/mozilla"
#define INET6 1
#define USE_SSL 1
#define USE_SSL_VERIFY 1
#define USE_DIGEST_AUTH 1
#define STDC_HEADERS 1
#define HAVE_SYS_TYPES_H 1
#define HAVE_SYS_STAT_H 1
#define HAVE_STDLIB_H 1
#define HAVE_STRING_H 1
#define HAVE_MEMORY_H 1
#define HAVE_STRINGS_H 1
#define HAVE_INTTYPES_H 1
#define HAVE_STDINT_H 1
#define HAVE_UNISTD_H 1
#define HAVE_SOCKLEN_T 1
#define AUXBIN_TARGETS "$AUXBIN_TARGETS"
#define HAVE_DIRENT_H 1
#define STDC_HEADERS 1
#define HAVE_SYS_WAIT_H 1
#define HAVE_TERMIOS_H 1
#define HAVE_FLOAT_H 1
#define HAVE_SYS_SELECT_H 1
#define HAVE_LOCALE_H 1
#define HAVE_STDINT_H 1
#define HAVE_INTTYPES_H 1
#define SIZEOF_LONG_LONG 8
#define HAVE_STRCASECMP 1
#define HAVE_STRCASESTR 1
#define HAVE_STRCHR 1
#define HAVE_MEMCPY 1
#define HAVE_STRERROR 1
#define HAVE_BCOPY 1
#define HAVE_SETPGRP 1
#define HAVE_CHDIR 1
#define HAVE_GETCWD 1
#define HAVE_GETWD 1
#define HAVE_READLINK 1
#define HAVE_SETENV 1
#define HAVE_PUTENV 1
#define HAVE_STRTOLL 1
#define HAVE_ATOLL 1
#define HAVE_SYMLINK 1
#define HAVE_READLINK 1
#define HAVE_LSTAT 1
#define HAVE_SRAND48 1
#define HAVE_SRANDOM 1
#define HAVE_WAITPID 1
#define HAVE_SETLOCALE 1
#define HAVE_STRFTIME 1
#define HAVE_WAIT3 1
#define SETPGRP_VOID 1
#define HAVE_LANGINFO_CODESET 1
#define HAVE_SYS_ERRLIST 1
#define HAVE_SIGSETJMP 1
#define RETSIGTYPE void
#define SIGNAL_RETURN return
#define HELP_DIR "$HELP_DIR"
#define RC_DIR "$RC_DIR"
#define DOCDIRS "doc:en_English doc-jp:ja_Japanese"

configure: exit 0
